{"/Applications/PROJELERİM/Instagram/backend/src/app.js": {"path":"/Applications/PROJELERİM/Instagram/backend/src/app.js","statementMap":{"0":{"start":{"line":1,"column":0},"end":{"line":1,"column":27}},"1":{"start":{"line":2,"column":16},"end":{"line":2,"column":34}},"2":{"start":{"line":3,"column":13},"end":{"line":3,"column":28}},"3":{"start":{"line":4,"column":13},"end":{"line":4,"column":28}},"4":{"start":{"line":5,"column":27},"end":{"line":5,"column":64}},"5":{"start":{"line":6,"column":17},"end":{"line":6,"column":44}},"6":{"start":{"line":7,"column":12},"end":{"line":7,"column":21}},"7":{"start":{"line":8,"column":13},"end":{"line":8,"column":37}},"8":{"start":{"line":10,"column":19},"end":{"line":10,"column":49}},"9":{"start":{"line":11,"column":19},"end":{"line":11,"column":49}},"10":{"start":{"line":12,"column":19},"end":{"line":12,"column":49}},"11":{"start":{"line":13,"column":19},"end":{"line":13,"column":49}},"12":{"start":{"line":14,"column":22},"end":{"line":14,"column":55}},"13":{"start":{"line":15,"column":21},"end":{"line":15,"column":53}},"14":{"start":{"line":16,"column":19},"end":{"line":16,"column":49}},"15":{"start":{"line":18,"column":0},"end":{"line":18,"column":16}},"16":{"start":{"line":19,"column":0},"end":{"line":19,"column":24}},"17":{"start":{"line":23,"column":0},"end":{"line":23,"column":72}},"18":{"start":{"line":25,"column":0},"end":{"line":25,"column":32}},"19":{"start":{"line":27,"column":0},"end":{"line":27,"column":33}},"20":{"start":{"line":29,"column":0},"end":{"line":29,"column":33}},"21":{"start":{"line":31,"column":0},"end":{"line":31,"column":33}},"22":{"start":{"line":33,"column":0},"end":{"line":33,"column":40}},"23":{"start":{"line":35,"column":0},"end":{"line":35,"column":36}},"24":{"start":{"line":37,"column":0},"end":{"line":37,"column":33}},"25":{"start":{"line":39,"column":0},"end":{"line":41,"column":2}},"26":{"start":{"line":40,"column":4},"end":{"line":40,"column":52}},"27":{"start":{"line":44,"column":0},"end":{"line":46,"column":3}},"28":{"start":{"line":45,"column":4},"end":{"line":45,"column":66}},"29":{"start":{"line":48,"column":0},"end":{"line":48,"column":28}},"30":{"start":{"line":51,"column":0},"end":{"line":51,"column":21}}},"fnMap":{"0":{"name":"(anonymous_0)","decl":{"start":{"line":39,"column":13},"end":{"line":39,"column":14}},"loc":{"start":{"line":39,"column":25},"end":{"line":41,"column":1}},"line":39},"1":{"name":"(anonymous_1)","decl":{"start":{"line":44,"column":8},"end":{"line":44,"column":9}},"loc":{"start":{"line":44,"column":28},"end":{"line":46,"column":1}},"line":44}},"branchMap":{"0":{"loc":{"start":{"line":8,"column":13},"end":{"line":8,"column":37}},"type":"binary-expr","locations":[{"start":{"line":8,"column":13},"end":{"line":8,"column":29}},{"start":{"line":8,"column":33},"end":{"line":8,"column":37}}],"line":8}},"s":{"0":7,"1":7,"2":7,"3":7,"4":7,"5":7,"6":7,"7":7,"8":7,"9":7,"10":7,"11":7,"12":7,"13":7,"14":7,"15":7,"16":7,"17":7,"18":7,"19":7,"20":7,"21":7,"22":7,"23":7,"24":7,"25":7,"26":0,"27":7,"28":0,"29":7,"30":7},"f":{"0":0,"1":0},"b":{"0":[7,7]},"_coverageSchema":"1a1c01bbd47fc00a2c39e90264f33305004495a9","hash":"bc260f7e61514248d6364aae8fe76c1a43412052"}
,"/Applications/PROJELERİM/Instagram/backend/src/config/multer.js": {"path":"/Applications/PROJELERİM/Instagram/backend/src/config/multer.js","statementMap":{"0":{"start":{"line":5,"column":15},"end":{"line":5,"column":32}},"1":{"start":{"line":6,"column":13},"end":{"line":6,"column":28}},"2":{"start":{"line":7,"column":17},"end":{"line":7,"column":45}},"3":{"start":{"line":10,"column":16},"end":{"line":20,"column":2}},"4":{"start":{"line":12,"column":8},"end":{"line":12,"column":57}},"5":{"start":{"line":17,"column":29},"end":{"line":17,"column":76}},"6":{"start":{"line":18,"column":8},"end":{"line":18,"column":72}},"7":{"start":{"line":23,"column":19},"end":{"line":34,"column":1}},"8":{"start":{"line":24,"column":25},"end":{"line":24,"column":43}},"9":{"start":{"line":26,"column":20},"end":{"line":26,"column":84}},"10":{"start":{"line":28,"column":21},"end":{"line":28,"column":53}},"11":{"start":{"line":30,"column":4},"end":{"line":33,"column":88}},"12":{"start":{"line":31,"column":8},"end":{"line":31,"column":29}},"13":{"start":{"line":33,"column":8},"end":{"line":33,"column":88}},"14":{"start":{"line":37,"column":15},"end":{"line":41,"column":2}},"15":{"start":{"line":43,"column":0},"end":{"line":43,"column":21}}},"fnMap":{"0":{"name":"(anonymous_0)","decl":{"start":{"line":11,"column":16},"end":{"line":11,"column":17}},"loc":{"start":{"line":11,"column":31},"end":{"line":13,"column":5}},"line":11},"1":{"name":"(anonymous_1)","decl":{"start":{"line":16,"column":13},"end":{"line":16,"column":14}},"loc":{"start":{"line":16,"column":28},"end":{"line":19,"column":5}},"line":16},"2":{"name":"(anonymous_2)","decl":{"start":{"line":23,"column":19},"end":{"line":23,"column":20}},"loc":{"start":{"line":23,"column":34},"end":{"line":34,"column":1}},"line":23}},"branchMap":{"0":{"loc":{"start":{"line":30,"column":4},"end":{"line":33,"column":88}},"type":"if","locations":[{"start":{"line":30,"column":4},"end":{"line":33,"column":88}},{"start":{"line":33,"column":8},"end":{"line":33,"column":88}}],"line":30},"1":{"loc":{"start":{"line":30,"column":7},"end":{"line":30,"column":24}},"type":"binary-expr","locations":[{"start":{"line":30,"column":7},"end":{"line":30,"column":14}},{"start":{"line":30,"column":16},"end":{"line":30,"column":24}}],"line":30}},"s":{"0":7,"1":7,"2":7,"3":7,"4":5,"5":5,"6":5,"7":7,"8":5,"9":5,"10":5,"11":5,"12":5,"13":0,"14":7,"15":7},"f":{"0":5,"1":5,"2":5},"b":{"0":[5,0],"1":[5,5]},"_coverageSchema":"1a1c01bbd47fc00a2c39e90264f33305004495a9","hash":"e29bceb6bdf36f7c011e3604cca6c39e52600aa9"}
,"/Applications/PROJELERİM/Instagram/backend/src/controllers/authController.js": {"path":"/Applications/PROJELERİM/Instagram/backend/src/controllers/authController.js","statementMap":{"0":{"start":{"line":1,"column":20},"end":{"line":1,"column":54}},"1":{"start":{"line":2,"column":17},"end":{"line":2,"column":45}},"2":{"start":{"line":3,"column":21},"end":{"line":3,"column":53}},"3":{"start":{"line":5,"column":17},"end":{"line":27,"column":2}},"4":{"start":{"line":6,"column":42},"end":{"line":6,"column":50}},"5":{"start":{"line":8,"column":25},"end":{"line":8,"column":76}},"6":{"start":{"line":9,"column":4},"end":{"line":11,"column":5}},"7":{"start":{"line":10,"column":8},"end":{"line":10,"column":81}},"8":{"start":{"line":13,"column":27},"end":{"line":13,"column":67}},"9":{"start":{"line":14,"column":20},"end":{"line":14,"column":81}},"10":{"start":{"line":15,"column":18},"end":{"line":15,"column":52}},"11":{"start":{"line":17,"column":4},"end":{"line":26,"column":7}},"12":{"start":{"line":29,"column":14},"end":{"line":54,"column":2}},"13":{"start":{"line":30,"column":35},"end":{"line":30,"column":43}},"14":{"start":{"line":32,"column":17},"end":{"line":32,"column":63}},"15":{"start":{"line":33,"column":4},"end":{"line":35,"column":5}},"16":{"start":{"line":34,"column":8},"end":{"line":34,"column":76}},"17":{"start":{"line":37,"column":26},"end":{"line":37,"column":84}},"18":{"start":{"line":38,"column":4},"end":{"line":40,"column":5}},"19":{"start":{"line":39,"column":8},"end":{"line":39,"column":76}},"20":{"start":{"line":42,"column":18},"end":{"line":42,"column":49}},"21":{"start":{"line":44,"column":4},"end":{"line":53,"column":7}},"22":{"start":{"line":56,"column":15},"end":{"line":64,"column":2}},"23":{"start":{"line":57,"column":22},"end":{"line":57,"column":31}},"24":{"start":{"line":58,"column":4},"end":{"line":58,"column":75}},"25":{"start":{"line":58,"column":16},"end":{"line":58,"column":75}},"26":{"start":{"line":59,"column":18},"end":{"line":59,"column":54}},"27":{"start":{"line":60,"column":4},"end":{"line":63,"column":7}},"28":{"start":{"line":66,"column":0},"end":{"line":66,"column":45}}},"fnMap":{"0":{"name":"(anonymous_0)","decl":{"start":{"line":5,"column":30},"end":{"line":5,"column":31}},"loc":{"start":{"line":5,"column":56},"end":{"line":27,"column":1}},"line":5},"1":{"name":"(anonymous_1)","decl":{"start":{"line":29,"column":27},"end":{"line":29,"column":28}},"loc":{"start":{"line":29,"column":53},"end":{"line":54,"column":1}},"line":29},"2":{"name":"(anonymous_2)","decl":{"start":{"line":56,"column":28},"end":{"line":56,"column":29}},"loc":{"start":{"line":56,"column":54},"end":{"line":64,"column":1}},"line":56}},"branchMap":{"0":{"loc":{"start":{"line":9,"column":4},"end":{"line":11,"column":5}},"type":"if","locations":[{"start":{"line":9,"column":4},"end":{"line":11,"column":5}},{"start":{},"end":{}}],"line":9},"1":{"loc":{"start":{"line":33,"column":4},"end":{"line":35,"column":5}},"type":"if","locations":[{"start":{"line":33,"column":4},"end":{"line":35,"column":5}},{"start":{},"end":{}}],"line":33},"2":{"loc":{"start":{"line":38,"column":4},"end":{"line":40,"column":5}},"type":"if","locations":[{"start":{"line":38,"column":4},"end":{"line":40,"column":5}},{"start":{},"end":{}}],"line":38},"3":{"loc":{"start":{"line":58,"column":4},"end":{"line":58,"column":75}},"type":"if","locations":[{"start":{"line":58,"column":4},"end":{"line":58,"column":75}},{"start":{},"end":{}}],"line":58}},"s":{"0":7,"1":7,"2":7,"3":7,"4":16,"5":16,"6":16,"7":0,"8":16,"9":16,"10":16,"11":16,"12":7,"13":18,"14":18,"15":18,"16":1,"17":17,"18":17,"19":1,"20":16,"21":16,"22":7,"23":0,"24":0,"25":0,"26":0,"27":0,"28":7},"f":{"0":16,"1":18,"2":0},"b":{"0":[0,16],"1":[1,17],"2":[1,16],"3":[0,0]},"_coverageSchema":"1a1c01bbd47fc00a2c39e90264f33305004495a9","hash":"fdf1bfe4e50557922d9f290727b21a8f207a96aa"}
,"/Applications/PROJELERİM/Instagram/backend/src/controllers/commentController.js": {"path":"/Applications/PROJELERİM/Instagram/backend/src/controllers/commentController.js","statementMap":{"0":{"start":{"line":1,"column":23},"end":{"line":1,"column":60}},"1":{"start":{"line":2,"column":17},"end":{"line":2,"column":45}},"2":{"start":{"line":3,"column":21},"end":{"line":3,"column":53}},"3":{"start":{"line":5,"column":22},"end":{"line":11,"column":2}},"4":{"start":{"line":6,"column":32},"end":{"line":6,"column":40}},"5":{"start":{"line":7,"column":23},"end":{"line":7,"column":31}},"6":{"start":{"line":8,"column":4},"end":{"line":8,"column":87}},"7":{"start":{"line":8,"column":29},"end":{"line":8,"column":87}},"8":{"start":{"line":9,"column":20},"end":{"line":9,"column":101}},"9":{"start":{"line":10,"column":4},"end":{"line":10,"column":59}},"10":{"start":{"line":13,"column":22},"end":{"line":19,"column":2}},"11":{"start":{"line":14,"column":26},"end":{"line":14,"column":36}},"12":{"start":{"line":15,"column":23},"end":{"line":15,"column":31}},"13":{"start":{"line":16,"column":20},"end":{"line":16,"column":83}},"14":{"start":{"line":17,"column":4},"end":{"line":17,"column":99}},"15":{"start":{"line":17,"column":18},"end":{"line":17,"column":99}},"16":{"start":{"line":18,"column":4},"end":{"line":18,"column":70}},"17":{"start":{"line":21,"column":26},"end":{"line":27,"column":2}},"18":{"start":{"line":22,"column":23},"end":{"line":22,"column":33}},"19":{"start":{"line":23,"column":17},"end":{"line":23,"column":46}},"20":{"start":{"line":24,"column":18},"end":{"line":24,"column":63}},"21":{"start":{"line":25,"column":21},"end":{"line":25,"column":90}},"22":{"start":{"line":26,"column":4},"end":{"line":26,"column":60}},"23":{"start":{"line":29,"column":26},"end":{"line":35,"column":2}},"24":{"start":{"line":30,"column":23},"end":{"line":30,"column":33}},"25":{"start":{"line":31,"column":17},"end":{"line":31,"column":46}},"26":{"start":{"line":32,"column":18},"end":{"line":32,"column":63}},"27":{"start":{"line":33,"column":21},"end":{"line":33,"column":90}},"28":{"start":{"line":34,"column":4},"end":{"line":34,"column":60}},"29":{"start":{"line":37,"column":22},"end":{"line":45,"column":2}},"30":{"start":{"line":38,"column":26},"end":{"line":38,"column":36}},"31":{"start":{"line":39,"column":23},"end":{"line":39,"column":31}},"32":{"start":{"line":40,"column":24},"end":{"line":40,"column":32}},"33":{"start":{"line":41,"column":4},"end":{"line":41,"column":77}},"34":{"start":{"line":41,"column":18},"end":{"line":41,"column":77}},"35":{"start":{"line":42,"column":20},"end":{"line":42,"column":92}},"36":{"start":{"line":43,"column":4},"end":{"line":43,"column":104}},"37":{"start":{"line":43,"column":18},"end":{"line":43,"column":104}},"38":{"start":{"line":44,"column":4},"end":{"line":44,"column":59}},"39":{"start":{"line":47,"column":23},"end":{"line":52,"column":2}},"40":{"start":{"line":48,"column":26},"end":{"line":48,"column":36}},"41":{"start":{"line":49,"column":20},"end":{"line":49,"column":76}},"42":{"start":{"line":50,"column":4},"end":{"line":50,"column":69}},"43":{"start":{"line":50,"column":18},"end":{"line":50,"column":69}},"44":{"start":{"line":51,"column":4},"end":{"line":51,"column":59}},"45":{"start":{"line":54,"column":0},"end":{"line":61,"column":2}}},"fnMap":{"0":{"name":"(anonymous_0)","decl":{"start":{"line":5,"column":35},"end":{"line":5,"column":36}},"loc":{"start":{"line":5,"column":61},"end":{"line":11,"column":1}},"line":5},"1":{"name":"(anonymous_1)","decl":{"start":{"line":13,"column":35},"end":{"line":13,"column":36}},"loc":{"start":{"line":13,"column":61},"end":{"line":19,"column":1}},"line":13},"2":{"name":"(anonymous_2)","decl":{"start":{"line":21,"column":39},"end":{"line":21,"column":40}},"loc":{"start":{"line":21,"column":65},"end":{"line":27,"column":1}},"line":21},"3":{"name":"(anonymous_3)","decl":{"start":{"line":29,"column":39},"end":{"line":29,"column":40}},"loc":{"start":{"line":29,"column":65},"end":{"line":35,"column":1}},"line":29},"4":{"name":"(anonymous_4)","decl":{"start":{"line":37,"column":35},"end":{"line":37,"column":36}},"loc":{"start":{"line":37,"column":61},"end":{"line":45,"column":1}},"line":37},"5":{"name":"(anonymous_5)","decl":{"start":{"line":47,"column":36},"end":{"line":47,"column":37}},"loc":{"start":{"line":47,"column":62},"end":{"line":52,"column":1}},"line":47}},"branchMap":{"0":{"loc":{"start":{"line":8,"column":4},"end":{"line":8,"column":87}},"type":"if","locations":[{"start":{"line":8,"column":4},"end":{"line":8,"column":87}},{"start":{},"end":{}}],"line":8},"1":{"loc":{"start":{"line":8,"column":8},"end":{"line":8,"column":27}},"type":"binary-expr","locations":[{"start":{"line":8,"column":8},"end":{"line":8,"column":16}},{"start":{"line":8,"column":20},"end":{"line":8,"column":27}}],"line":8},"2":{"loc":{"start":{"line":17,"column":4},"end":{"line":17,"column":99}},"type":"if","locations":[{"start":{"line":17,"column":4},"end":{"line":17,"column":99}},{"start":{},"end":{}}],"line":17},"3":{"loc":{"start":{"line":23,"column":17},"end":{"line":23,"column":46}},"type":"binary-expr","locations":[{"start":{"line":23,"column":17},"end":{"line":23,"column":41}},{"start":{"line":23,"column":45},"end":{"line":23,"column":46}}],"line":23},"4":{"loc":{"start":{"line":24,"column":27},"end":{"line":24,"column":58}},"type":"binary-expr","locations":[{"start":{"line":24,"column":27},"end":{"line":24,"column":52}},{"start":{"line":24,"column":56},"end":{"line":24,"column":58}}],"line":24},"5":{"loc":{"start":{"line":31,"column":17},"end":{"line":31,"column":46}},"type":"binary-expr","locations":[{"start":{"line":31,"column":17},"end":{"line":31,"column":41}},{"start":{"line":31,"column":45},"end":{"line":31,"column":46}}],"line":31},"6":{"loc":{"start":{"line":32,"column":27},"end":{"line":32,"column":58}},"type":"binary-expr","locations":[{"start":{"line":32,"column":27},"end":{"line":32,"column":52}},{"start":{"line":32,"column":56},"end":{"line":32,"column":58}}],"line":32},"7":{"loc":{"start":{"line":41,"column":4},"end":{"line":41,"column":77}},"type":"if","locations":[{"start":{"line":41,"column":4},"end":{"line":41,"column":77}},{"start":{},"end":{}}],"line":41},"8":{"loc":{"start":{"line":43,"column":4},"end":{"line":43,"column":104}},"type":"if","locations":[{"start":{"line":43,"column":4},"end":{"line":43,"column":104}},{"start":{},"end":{}}],"line":43},"9":{"loc":{"start":{"line":50,"column":4},"end":{"line":50,"column":69}},"type":"if","locations":[{"start":{"line":50,"column":4},"end":{"line":50,"column":69}},{"start":{},"end":{}}],"line":50}},"s":{"0":7,"1":7,"2":7,"3":7,"4":5,"5":5,"6":5,"7":2,"8":3,"9":3,"10":7,"11":2,"12":2,"13":2,"14":2,"15":1,"16":1,"17":7,"18":1,"19":1,"20":1,"21":1,"22":1,"23":7,"24":1,"25":1,"26":1,"27":1,"28":1,"29":7,"30":3,"31":3,"32":3,"33":3,"34":1,"35":2,"36":2,"37":1,"38":1,"39":7,"40":1,"41":1,"42":1,"43":0,"44":1,"45":7},"f":{"0":5,"1":2,"2":1,"3":1,"4":3,"5":1},"b":{"0":[2,3],"1":[5,4],"2":[1,1],"3":[1,1],"4":[1,1],"5":[1,1],"6":[1,1],"7":[1,2],"8":[1,1],"9":[0,1]},"_coverageSchema":"1a1c01bbd47fc00a2c39e90264f33305004495a9","hash":"a3c3f525d32bfecacc0c3d6a2b6ac2c59dd19d8c"}
,"/Applications/PROJELERİM/Instagram/backend/src/controllers/feedController.js": {"path":"/Applications/PROJELERİM/Instagram/backend/src/controllers/feedController.js","statementMap":{"0":{"start":{"line":1,"column":20},"end":{"line":1,"column":54}},"1":{"start":{"line":2,"column":21},"end":{"line":2,"column":53}},"2":{"start":{"line":4,"column":20},"end":{"line":38,"column":2}},"3":{"start":{"line":5,"column":23},"end":{"line":5,"column":31}},"4":{"start":{"line":6,"column":17},"end":{"line":6,"column":46}},"5":{"start":{"line":7,"column":18},"end":{"line":7,"column":63}},"6":{"start":{"line":8,"column":37},"end":{"line":8,"column":46}},"7":{"start":{"line":10,"column":19},"end":{"line":10,"column":91}},"8":{"start":{"line":12,"column":4},"end":{"line":25,"column":5}},"9":{"start":{"line":13,"column":8},"end":{"line":24,"column":11}},"10":{"start":{"line":27,"column":4},"end":{"line":37,"column":7}},"11":{"start":{"line":40,"column":0},"end":{"line":40,"column":33}}},"fnMap":{"0":{"name":"(anonymous_0)","decl":{"start":{"line":4,"column":33},"end":{"line":4,"column":34}},"loc":{"start":{"line":4,"column":59},"end":{"line":38,"column":1}},"line":4}},"branchMap":{"0":{"loc":{"start":{"line":6,"column":17},"end":{"line":6,"column":46}},"type":"binary-expr","locations":[{"start":{"line":6,"column":17},"end":{"line":6,"column":41}},{"start":{"line":6,"column":45},"end":{"line":6,"column":46}}],"line":6},"1":{"loc":{"start":{"line":7,"column":27},"end":{"line":7,"column":58}},"type":"binary-expr","locations":[{"start":{"line":7,"column":27},"end":{"line":7,"column":52}},{"start":{"line":7,"column":56},"end":{"line":7,"column":58}}],"line":7},"2":{"loc":{"start":{"line":12,"column":4},"end":{"line":25,"column":5}},"type":"if","locations":[{"start":{"line":12,"column":4},"end":{"line":25,"column":5}},{"start":{},"end":{}}],"line":12}},"s":{"0":7,"1":7,"2":7,"3":6,"4":6,"5":6,"6":6,"7":6,"8":6,"9":1,"10":5,"11":7},"f":{"0":6},"b":{"0":[6,5],"1":[6,3],"2":[1,5]},"_coverageSchema":"1a1c01bbd47fc00a2c39e90264f33305004495a9","hash":"e75d3a905372c9054b34abefc0b6fd64ba67cb8c"}
,"/Applications/PROJELERİM/Instagram/backend/src/controllers/followController.js": {"path":"/Applications/PROJELERİM/Instagram/backend/src/controllers/followController.js","statementMap":{"0":{"start":{"line":1,"column":22},"end":{"line":1,"column":58}},"1":{"start":{"line":2,"column":17},"end":{"line":2,"column":45}},"2":{"start":{"line":3,"column":21},"end":{"line":3,"column":53}},"3":{"start":{"line":5,"column":21},"end":{"line":12,"column":2}},"4":{"start":{"line":6,"column":37},"end":{"line":6,"column":47}},"5":{"start":{"line":7,"column":38},"end":{"line":7,"column":46}},"6":{"start":{"line":8,"column":4},"end":{"line":9,"column":70}},"7":{"start":{"line":9,"column":8},"end":{"line":9,"column":70}},"8":{"start":{"line":10,"column":19},"end":{"line":10,"column":90}},"9":{"start":{"line":11,"column":4},"end":{"line":11,"column":55}},"10":{"start":{"line":14,"column":21},"end":{"line":20,"column":2}},"11":{"start":{"line":15,"column":23},"end":{"line":15,"column":33}},"12":{"start":{"line":16,"column":17},"end":{"line":16,"column":46}},"13":{"start":{"line":17,"column":18},"end":{"line":17,"column":64}},"14":{"start":{"line":18,"column":22},"end":{"line":18,"column":85}},"15":{"start":{"line":19,"column":4},"end":{"line":19,"column":61}},"16":{"start":{"line":22,"column":21},"end":{"line":28,"column":2}},"17":{"start":{"line":23,"column":23},"end":{"line":23,"column":33}},"18":{"start":{"line":24,"column":17},"end":{"line":24,"column":46}},"19":{"start":{"line":25,"column":18},"end":{"line":25,"column":64}},"20":{"start":{"line":26,"column":22},"end":{"line":26,"column":85}},"21":{"start":{"line":27,"column":4},"end":{"line":27,"column":61}},"22":{"start":{"line":30,"column":26},"end":{"line":35,"column":2}},"23":{"start":{"line":31,"column":37},"end":{"line":31,"column":47}},"24":{"start":{"line":32,"column":38},"end":{"line":32,"column":46}},"25":{"start":{"line":33,"column":19},"end":{"line":33,"column":95}},"26":{"start":{"line":34,"column":4},"end":{"line":34,"column":55}},"27":{"start":{"line":37,"column":0},"end":{"line":42,"column":2}}},"fnMap":{"0":{"name":"(anonymous_0)","decl":{"start":{"line":5,"column":34},"end":{"line":5,"column":35}},"loc":{"start":{"line":5,"column":60},"end":{"line":12,"column":1}},"line":5},"1":{"name":"(anonymous_1)","decl":{"start":{"line":14,"column":34},"end":{"line":14,"column":35}},"loc":{"start":{"line":14,"column":60},"end":{"line":20,"column":1}},"line":14},"2":{"name":"(anonymous_2)","decl":{"start":{"line":22,"column":34},"end":{"line":22,"column":35}},"loc":{"start":{"line":22,"column":60},"end":{"line":28,"column":1}},"line":22},"3":{"name":"(anonymous_3)","decl":{"start":{"line":30,"column":39},"end":{"line":30,"column":40}},"loc":{"start":{"line":30,"column":65},"end":{"line":35,"column":1}},"line":30}},"branchMap":{"0":{"loc":{"start":{"line":8,"column":4},"end":{"line":9,"column":70}},"type":"if","locations":[{"start":{"line":8,"column":4},"end":{"line":9,"column":70}},{"start":{},"end":{}}],"line":8},"1":{"loc":{"start":{"line":16,"column":17},"end":{"line":16,"column":46}},"type":"binary-expr","locations":[{"start":{"line":16,"column":17},"end":{"line":16,"column":41}},{"start":{"line":16,"column":45},"end":{"line":16,"column":46}}],"line":16},"2":{"loc":{"start":{"line":17,"column":27},"end":{"line":17,"column":58}},"type":"binary-expr","locations":[{"start":{"line":17,"column":27},"end":{"line":17,"column":52}},{"start":{"line":17,"column":56},"end":{"line":17,"column":58}}],"line":17},"3":{"loc":{"start":{"line":24,"column":17},"end":{"line":24,"column":46}},"type":"binary-expr","locations":[{"start":{"line":24,"column":17},"end":{"line":24,"column":41}},{"start":{"line":24,"column":45},"end":{"line":24,"column":46}}],"line":24},"4":{"loc":{"start":{"line":25,"column":27},"end":{"line":25,"column":58}},"type":"binary-expr","locations":[{"start":{"line":25,"column":27},"end":{"line":25,"column":52}},{"start":{"line":25,"column":56},"end":{"line":25,"column":58}}],"line":25}},"s":{"0":7,"1":7,"2":7,"3":7,"4":5,"5":5,"6":5,"7":1,"8":4,"9":4,"10":7,"11":2,"12":2,"13":2,"14":2,"15":2,"16":7,"17":1,"18":1,"19":1,"20":1,"21":1,"22":7,"23":2,"24":2,"25":2,"26":2,"27":7},"f":{"0":5,"1":2,"2":1,"3":2},"b":{"0":[1,4],"1":[2,2],"2":[2,2],"3":[1,1],"4":[1,1]},"_coverageSchema":"1a1c01bbd47fc00a2c39e90264f33305004495a9","hash":"cb89ee8e7fd1927ca24b8fdfec8dd3481675a451"}
,"/Applications/PROJELERİM/Instagram/backend/src/controllers/likeController.js": {"path":"/Applications/PROJELERİM/Instagram/backend/src/controllers/likeController.js","statementMap":{"0":{"start":{"line":1,"column":20},"end":{"line":1,"column":54}},"1":{"start":{"line":2,"column":17},"end":{"line":2,"column":45}},"2":{"start":{"line":3,"column":21},"end":{"line":3,"column":53}},"3":{"start":{"line":5,"column":19},"end":{"line":11,"column":2}},"4":{"start":{"line":6,"column":23},"end":{"line":6,"column":31}},"5":{"start":{"line":7,"column":23},"end":{"line":7,"column":31}},"6":{"start":{"line":8,"column":4},"end":{"line":8,"column":64}},"7":{"start":{"line":8,"column":17},"end":{"line":8,"column":64}},"8":{"start":{"line":9,"column":19},"end":{"line":9,"column":73}},"9":{"start":{"line":10,"column":4},"end":{"line":10,"column":55}},"10":{"start":{"line":13,"column":21},"end":{"line":17,"column":2}},"11":{"start":{"line":14,"column":23},"end":{"line":14,"column":33}},"12":{"start":{"line":15,"column":18},"end":{"line":15,"column":66}},"13":{"start":{"line":16,"column":4},"end":{"line":16,"column":51}},"14":{"start":{"line":19,"column":26},"end":{"line":24,"column":2}},"15":{"start":{"line":20,"column":23},"end":{"line":20,"column":33}},"16":{"start":{"line":21,"column":23},"end":{"line":21,"column":31}},"17":{"start":{"line":22,"column":18},"end":{"line":22,"column":79}},"18":{"start":{"line":23,"column":4},"end":{"line":23,"column":51}},"19":{"start":{"line":26,"column":23},"end":{"line":32,"column":2}},"20":{"start":{"line":27,"column":23},"end":{"line":27,"column":33}},"21":{"start":{"line":28,"column":17},"end":{"line":28,"column":46}},"22":{"start":{"line":29,"column":18},"end":{"line":29,"column":64}},"23":{"start":{"line":30,"column":18},"end":{"line":30,"column":81}},"24":{"start":{"line":31,"column":4},"end":{"line":31,"column":57}},"25":{"start":{"line":34,"column":0},"end":{"line":39,"column":2}}},"fnMap":{"0":{"name":"(anonymous_0)","decl":{"start":{"line":5,"column":32},"end":{"line":5,"column":33}},"loc":{"start":{"line":5,"column":58},"end":{"line":11,"column":1}},"line":5},"1":{"name":"(anonymous_1)","decl":{"start":{"line":13,"column":34},"end":{"line":13,"column":35}},"loc":{"start":{"line":13,"column":60},"end":{"line":17,"column":1}},"line":13},"2":{"name":"(anonymous_2)","decl":{"start":{"line":19,"column":39},"end":{"line":19,"column":40}},"loc":{"start":{"line":19,"column":65},"end":{"line":24,"column":1}},"line":19},"3":{"name":"(anonymous_3)","decl":{"start":{"line":26,"column":36},"end":{"line":26,"column":37}},"loc":{"start":{"line":26,"column":62},"end":{"line":32,"column":1}},"line":26}},"branchMap":{"0":{"loc":{"start":{"line":8,"column":4},"end":{"line":8,"column":64}},"type":"if","locations":[{"start":{"line":8,"column":4},"end":{"line":8,"column":64}},{"start":{},"end":{}}],"line":8},"1":{"loc":{"start":{"line":28,"column":17},"end":{"line":28,"column":46}},"type":"binary-expr","locations":[{"start":{"line":28,"column":17},"end":{"line":28,"column":41}},{"start":{"line":28,"column":45},"end":{"line":28,"column":46}}],"line":28},"2":{"loc":{"start":{"line":29,"column":27},"end":{"line":29,"column":58}},"type":"binary-expr","locations":[{"start":{"line":29,"column":27},"end":{"line":29,"column":52}},{"start":{"line":29,"column":56},"end":{"line":29,"column":58}}],"line":29}},"s":{"0":7,"1":7,"2":7,"3":7,"4":4,"5":4,"6":4,"7":1,"8":3,"9":3,"10":7,"11":1,"12":1,"13":1,"14":7,"15":1,"16":1,"17":1,"18":1,"19":7,"20":1,"21":1,"22":1,"23":1,"24":1,"25":7},"f":{"0":4,"1":1,"2":1,"3":1},"b":{"0":[1,3],"1":[1,1],"2":[1,1]},"_coverageSchema":"1a1c01bbd47fc00a2c39e90264f33305004495a9","hash":"d89cad31cd3518d16597eeabe5433dc75e26cab4"}
,"/Applications/PROJELERİM/Instagram/backend/src/controllers/postController.js": {"path":"/Applications/PROJELERİM/Instagram/backend/src/controllers/postController.js","statementMap":{"0":{"start":{"line":1,"column":20},"end":{"line":1,"column":54}},"1":{"start":{"line":2,"column":17},"end":{"line":2,"column":45}},"2":{"start":{"line":3,"column":21},"end":{"line":3,"column":53}},"3":{"start":{"line":5,"column":19},"end":{"line":12,"column":2}},"4":{"start":{"line":6,"column":24},"end":{"line":6,"column":32}},"5":{"start":{"line":7,"column":23},"end":{"line":7,"column":31}},"6":{"start":{"line":8,"column":4},"end":{"line":8,"column":87}},"7":{"start":{"line":8,"column":19},"end":{"line":8,"column":87}},"8":{"start":{"line":9,"column":21},"end":{"line":9,"column":52}},"9":{"start":{"line":10,"column":20},"end":{"line":10,"column":79}},"10":{"start":{"line":11,"column":4},"end":{"line":11,"column":59}},"11":{"start":{"line":14,"column":20},"end":{"line":19,"column":2}},"12":{"start":{"line":15,"column":17},"end":{"line":15,"column":46}},"13":{"start":{"line":16,"column":18},"end":{"line":16,"column":64}},"14":{"start":{"line":17,"column":18},"end":{"line":17,"column":60}},"15":{"start":{"line":18,"column":4},"end":{"line":18,"column":57}},"16":{"start":{"line":21,"column":16},"end":{"line":26,"column":2}},"17":{"start":{"line":22,"column":19},"end":{"line":22,"column":29}},"18":{"start":{"line":23,"column":17},"end":{"line":23,"column":60}},"19":{"start":{"line":24,"column":4},"end":{"line":24,"column":65}},"20":{"start":{"line":24,"column":15},"end":{"line":24,"column":65}},"21":{"start":{"line":25,"column":4},"end":{"line":25,"column":56}},"22":{"start":{"line":28,"column":19},"end":{"line":34,"column":2}},"23":{"start":{"line":29,"column":19},"end":{"line":29,"column":29}},"24":{"start":{"line":30,"column":23},"end":{"line":30,"column":31}},"25":{"start":{"line":31,"column":20},"end":{"line":31,"column":80}},"26":{"start":{"line":32,"column":4},"end":{"line":32,"column":102}},"27":{"start":{"line":32,"column":18},"end":{"line":32,"column":102}},"28":{"start":{"line":33,"column":4},"end":{"line":33,"column":59}},"29":{"start":{"line":36,"column":19},"end":{"line":42,"column":2}},"30":{"start":{"line":37,"column":19},"end":{"line":37,"column":29}},"31":{"start":{"line":38,"column":23},"end":{"line":38,"column":31}},"32":{"start":{"line":39,"column":20},"end":{"line":39,"column":70}},"33":{"start":{"line":40,"column":4},"end":{"line":40,"column":97}},"34":{"start":{"line":40,"column":18},"end":{"line":40,"column":97}},"35":{"start":{"line":41,"column":4},"end":{"line":41,"column":69}},"36":{"start":{"line":44,"column":0},"end":{"line":44,"column":78}}},"fnMap":{"0":{"name":"(anonymous_0)","decl":{"start":{"line":5,"column":32},"end":{"line":5,"column":33}},"loc":{"start":{"line":5,"column":58},"end":{"line":12,"column":1}},"line":5},"1":{"name":"(anonymous_1)","decl":{"start":{"line":14,"column":33},"end":{"line":14,"column":34}},"loc":{"start":{"line":14,"column":59},"end":{"line":19,"column":1}},"line":14},"2":{"name":"(anonymous_2)","decl":{"start":{"line":21,"column":29},"end":{"line":21,"column":30}},"loc":{"start":{"line":21,"column":55},"end":{"line":26,"column":1}},"line":21},"3":{"name":"(anonymous_3)","decl":{"start":{"line":28,"column":32},"end":{"line":28,"column":33}},"loc":{"start":{"line":28,"column":58},"end":{"line":34,"column":1}},"line":28},"4":{"name":"(anonymous_4)","decl":{"start":{"line":36,"column":32},"end":{"line":36,"column":33}},"loc":{"start":{"line":36,"column":58},"end":{"line":42,"column":1}},"line":36}},"branchMap":{"0":{"loc":{"start":{"line":8,"column":4},"end":{"line":8,"column":87}},"type":"if","locations":[{"start":{"line":8,"column":4},"end":{"line":8,"column":87}},{"start":{},"end":{}}],"line":8},"1":{"loc":{"start":{"line":15,"column":17},"end":{"line":15,"column":46}},"type":"binary-expr","locations":[{"start":{"line":15,"column":17},"end":{"line":15,"column":41}},{"start":{"line":15,"column":45},"end":{"line":15,"column":46}}],"line":15},"2":{"loc":{"start":{"line":16,"column":27},"end":{"line":16,"column":58}},"type":"binary-expr","locations":[{"start":{"line":16,"column":27},"end":{"line":16,"column":52}},{"start":{"line":16,"column":56},"end":{"line":16,"column":58}}],"line":16},"3":{"loc":{"start":{"line":24,"column":4},"end":{"line":24,"column":65}},"type":"if","locations":[{"start":{"line":24,"column":4},"end":{"line":24,"column":65}},{"start":{},"end":{}}],"line":24},"4":{"loc":{"start":{"line":32,"column":4},"end":{"line":32,"column":102}},"type":"if","locations":[{"start":{"line":32,"column":4},"end":{"line":32,"column":102}},{"start":{},"end":{}}],"line":32},"5":{"loc":{"start":{"line":40,"column":4},"end":{"line":40,"column":97}},"type":"if","locations":[{"start":{"line":40,"column":4},"end":{"line":40,"column":97}},{"start":{},"end":{}}],"line":40}},"s":{"0":7,"1":7,"2":7,"3":7,"4":5,"5":5,"6":5,"7":0,"8":5,"9":5,"10":5,"11":7,"12":1,"13":1,"14":1,"15":1,"16":7,"17":1,"18":1,"19":1,"20":0,"21":1,"22":7,"23":2,"24":2,"25":2,"26":2,"27":1,"28":1,"29":7,"30":2,"31":2,"32":2,"33":2,"34":1,"35":1,"36":7},"f":{"0":5,"1":1,"2":1,"3":2,"4":2},"b":{"0":[0,5],"1":[1,1],"2":[1,1],"3":[0,1],"4":[1,1],"5":[1,1]},"_coverageSchema":"1a1c01bbd47fc00a2c39e90264f33305004495a9","hash":"568f7c14fb01cd84d06fb42e99c444e048a83042"}
,"/Applications/PROJELERİM/Instagram/backend/src/controllers/userController.js": {"path":"/Applications/PROJELERİM/Instagram/backend/src/controllers/userController.js","statementMap":{"0":{"start":{"line":1,"column":10},"end":{"line":1,"column":28}},"1":{"start":{"line":2,"column":20},"end":{"line":2,"column":54}},"2":{"start":{"line":3,"column":17},"end":{"line":3,"column":45}},"3":{"start":{"line":4,"column":21},"end":{"line":4,"column":53}},"4":{"start":{"line":6,"column":19},"end":{"line":11,"column":2}},"5":{"start":{"line":7,"column":25},"end":{"line":7,"column":35}},"6":{"start":{"line":8,"column":17},"end":{"line":8,"column":62}},"7":{"start":{"line":9,"column":4},"end":{"line":9,"column":70}},"8":{"start":{"line":9,"column":15},"end":{"line":9,"column":70}},"9":{"start":{"line":10,"column":4},"end":{"line":10,"column":23}},"10":{"start":{"line":13,"column":22},"end":{"line":30,"column":2}},"11":{"start":{"line":14,"column":19},"end":{"line":14,"column":21}},"12":{"start":{"line":15,"column":22},"end":{"line":15,"column":30}},"13":{"start":{"line":16,"column":4},"end":{"line":18,"column":5}},"14":{"start":{"line":17,"column":8},"end":{"line":17,"column":51}},"15":{"start":{"line":20,"column":4},"end":{"line":25,"column":5}},"16":{"start":{"line":21,"column":8},"end":{"line":24,"column":11}},"17":{"start":{"line":27,"column":23},"end":{"line":27,"column":31}},"18":{"start":{"line":28,"column":20},"end":{"line":28,"column":69}},"19":{"start":{"line":29,"column":4},"end":{"line":29,"column":32}},"20":{"start":{"line":32,"column":15},"end":{"line":37,"column":2}},"21":{"start":{"line":33,"column":22},"end":{"line":33,"column":31}},"22":{"start":{"line":34,"column":4},"end":{"line":34,"column":75}},"23":{"start":{"line":34,"column":16},"end":{"line":34,"column":75}},"24":{"start":{"line":35,"column":18},"end":{"line":35,"column":54}},"25":{"start":{"line":36,"column":4},"end":{"line":36,"column":57}},"26":{"start":{"line":39,"column":20},"end":{"line":44,"column":2}},"27":{"start":{"line":40,"column":17},"end":{"line":40,"column":46}},"28":{"start":{"line":41,"column":18},"end":{"line":41,"column":64}},"29":{"start":{"line":42,"column":18},"end":{"line":42,"column":57}},"30":{"start":{"line":43,"column":4},"end":{"line":43,"column":57}},"31":{"start":{"line":46,"column":19},"end":{"line":50,"column":2}},"32":{"start":{"line":47,"column":23},"end":{"line":47,"column":31}},"33":{"start":{"line":48,"column":4},"end":{"line":48,"column":41}},"34":{"start":{"line":49,"column":4},"end":{"line":49,"column":27}},"35":{"start":{"line":52,"column":0},"end":{"line":58,"column":2}}},"fnMap":{"0":{"name":"(anonymous_0)","decl":{"start":{"line":6,"column":32},"end":{"line":6,"column":33}},"loc":{"start":{"line":6,"column":58},"end":{"line":11,"column":1}},"line":6},"1":{"name":"(anonymous_1)","decl":{"start":{"line":13,"column":35},"end":{"line":13,"column":36}},"loc":{"start":{"line":13,"column":61},"end":{"line":30,"column":1}},"line":13},"2":{"name":"(anonymous_2)","decl":{"start":{"line":32,"column":28},"end":{"line":32,"column":29}},"loc":{"start":{"line":32,"column":54},"end":{"line":37,"column":1}},"line":32},"3":{"name":"(anonymous_3)","decl":{"start":{"line":39,"column":33},"end":{"line":39,"column":34}},"loc":{"start":{"line":39,"column":59},"end":{"line":44,"column":1}},"line":39},"4":{"name":"(anonymous_4)","decl":{"start":{"line":46,"column":32},"end":{"line":46,"column":33}},"loc":{"start":{"line":46,"column":58},"end":{"line":50,"column":1}},"line":46}},"branchMap":{"0":{"loc":{"start":{"line":9,"column":4},"end":{"line":9,"column":70}},"type":"if","locations":[{"start":{"line":9,"column":4},"end":{"line":9,"column":70}},{"start":{},"end":{}}],"line":9},"1":{"loc":{"start":{"line":16,"column":4},"end":{"line":18,"column":5}},"type":"if","locations":[{"start":{"line":16,"column":4},"end":{"line":18,"column":5}},{"start":{},"end":{}}],"line":16},"2":{"loc":{"start":{"line":16,"column":8},"end":{"line":16,"column":58}},"type":"binary-expr","locations":[{"start":{"line":16,"column":8},"end":{"line":16,"column":27}},{"start":{"line":16,"column":31},"end":{"line":16,"column":58}}],"line":16},"3":{"loc":{"start":{"line":20,"column":4},"end":{"line":25,"column":5}},"type":"if","locations":[{"start":{"line":20,"column":4},"end":{"line":25,"column":5}},{"start":{},"end":{}}],"line":20},"4":{"loc":{"start":{"line":34,"column":4},"end":{"line":34,"column":75}},"type":"if","locations":[{"start":{"line":34,"column":4},"end":{"line":34,"column":75}},{"start":{},"end":{}}],"line":34},"5":{"loc":{"start":{"line":40,"column":17},"end":{"line":40,"column":46}},"type":"binary-expr","locations":[{"start":{"line":40,"column":17},"end":{"line":40,"column":41}},{"start":{"line":40,"column":45},"end":{"line":40,"column":46}}],"line":40},"6":{"loc":{"start":{"line":41,"column":27},"end":{"line":41,"column":58}},"type":"binary-expr","locations":[{"start":{"line":41,"column":27},"end":{"line":41,"column":52}},{"start":{"line":41,"column":56},"end":{"line":41,"column":58}}],"line":41}},"s":{"0":7,"1":7,"2":7,"3":7,"4":7,"5":2,"6":2,"7":2,"8":1,"9":1,"10":7,"11":2,"12":2,"13":2,"14":1,"15":2,"16":1,"17":1,"18":1,"19":1,"20":7,"21":0,"22":0,"23":0,"24":0,"25":0,"26":7,"27":0,"28":0,"29":0,"30":0,"31":7,"32":0,"33":0,"34":0,"35":7},"f":{"0":2,"1":2,"2":0,"3":0,"4":0},"b":{"0":[1,1],"1":[1,1],"2":[2,2],"3":[1,1],"4":[0,0],"5":[0,0],"6":[0,0]},"_coverageSchema":"1a1c01bbd47fc00a2c39e90264f33305004495a9","hash":"0321f22494b02c39e10d4fb57d7193a59ac0b7e2"}
,"/Applications/PROJELERİM/Instagram/backend/src/middlewares/authMiddleware.js": {"path":"/Applications/PROJELERİM/Instagram/backend/src/middlewares/authMiddleware.js","statementMap":{"0":{"start":{"line":1,"column":12},"end":{"line":1,"column":35}},"1":{"start":{"line":4,"column":26},"end":{"line":24,"column":1}},"2":{"start":{"line":5,"column":23},"end":{"line":5,"column":51}},"3":{"start":{"line":7,"column":18},"end":{"line":7,"column":56}},"4":{"start":{"line":9,"column":4},"end":{"line":10,"column":88}},"5":{"start":{"line":10,"column":8},"end":{"line":10,"column":88}},"6":{"start":{"line":12,"column":4},"end":{"line":23,"column":5}},"7":{"start":{"line":13,"column":26},"end":{"line":13,"column":69}},"8":{"start":{"line":15,"column":24},"end":{"line":15,"column":52}},"9":{"start":{"line":17,"column":8},"end":{"line":17,"column":27}},"10":{"start":{"line":19,"column":8},"end":{"line":19,"column":15}},"11":{"start":{"line":21,"column":8},"end":{"line":21,"column":57}},"12":{"start":{"line":22,"column":8},"end":{"line":22,"column":94}},"13":{"start":{"line":26,"column":0},"end":{"line":26,"column":35}}},"fnMap":{"0":{"name":"(anonymous_0)","decl":{"start":{"line":4,"column":26},"end":{"line":4,"column":27}},"loc":{"start":{"line":4,"column":43},"end":{"line":24,"column":1}},"line":4}},"branchMap":{"0":{"loc":{"start":{"line":7,"column":18},"end":{"line":7,"column":56}},"type":"binary-expr","locations":[{"start":{"line":7,"column":18},"end":{"line":7,"column":28}},{"start":{"line":7,"column":32},"end":{"line":7,"column":56}}],"line":7},"1":{"loc":{"start":{"line":9,"column":4},"end":{"line":10,"column":88}},"type":"if","locations":[{"start":{"line":9,"column":4},"end":{"line":10,"column":88}},{"start":{},"end":{}}],"line":9},"2":{"loc":{"start":{"line":13,"column":26},"end":{"line":13,"column":69}},"type":"binary-expr","locations":[{"start":{"line":13,"column":26},"end":{"line":13,"column":48}},{"start":{"line":13,"column":52},"end":{"line":13,"column":69}}],"line":13}},"s":{"0":7,"1":7,"2":54,"3":54,"4":54,"5":9,"6":45,"7":45,"8":45,"9":42,"10":42,"11":3,"12":3,"13":7},"f":{"0":54},"b":{"0":[54,45],"1":[9,45],"2":[45,0]},"_coverageSchema":"1a1c01bbd47fc00a2c39e90264f33305004495a9","hash":"3bcd8b4174a72af26a755e0a6986348de433fb21"}
,"/Applications/PROJELERİM/Instagram/backend/src/middlewares/errorHandler.js": {"path":"/Applications/PROJELERİM/Instagram/backend/src/middlewares/errorHandler.js","statementMap":{"0":{"start":{"line":1,"column":17},"end":{"line":1,"column":45}},"1":{"start":{"line":4,"column":21},"end":{"line":12,"column":1}},"2":{"start":{"line":5,"column":4},"end":{"line":11,"column":7}},"3":{"start":{"line":16,"column":22},"end":{"line":33,"column":1}},"4":{"start":{"line":17,"column":4},"end":{"line":32,"column":5}},"5":{"start":{"line":18,"column":8},"end":{"line":22,"column":11}},"6":{"start":{"line":25,"column":8},"end":{"line":25,"column":37}},"7":{"start":{"line":27,"column":8},"end":{"line":31,"column":11}},"8":{"start":{"line":36,"column":27},"end":{"line":54,"column":1}},"9":{"start":{"line":37,"column":4},"end":{"line":37,"column":43}},"10":{"start":{"line":38,"column":4},"end":{"line":38,"column":39}},"11":{"start":{"line":41,"column":4},"end":{"line":53,"column":5}},"12":{"start":{"line":42,"column":8},"end":{"line":42,"column":30}},"13":{"start":{"line":44,"column":26},"end":{"line":44,"column":34}},"14":{"start":{"line":45,"column":8},"end":{"line":45,"column":36}},"15":{"start":{"line":47,"column":8},"end":{"line":48,"column":61}},"16":{"start":{"line":48,"column":12},"end":{"line":48,"column":61}},"17":{"start":{"line":49,"column":8},"end":{"line":50,"column":56}},"18":{"start":{"line":50,"column":12},"end":{"line":50,"column":56}},"19":{"start":{"line":51,"column":8},"end":{"line":51,"column":33}},"20":{"start":{"line":57,"column":0},"end":{"line":57,"column":36}}},"fnMap":{"0":{"name":"(anonymous_0)","decl":{"start":{"line":4,"column":21},"end":{"line":4,"column":22}},"loc":{"start":{"line":4,"column":33},"end":{"line":12,"column":1}},"line":4},"1":{"name":"(anonymous_1)","decl":{"start":{"line":16,"column":22},"end":{"line":16,"column":23}},"loc":{"start":{"line":16,"column":34},"end":{"line":33,"column":1}},"line":16},"2":{"name":"(anonymous_2)","decl":{"start":{"line":36,"column":27},"end":{"line":36,"column":28}},"loc":{"start":{"line":36,"column":48},"end":{"line":54,"column":1}},"line":36}},"branchMap":{"0":{"loc":{"start":{"line":17,"column":4},"end":{"line":32,"column":5}},"type":"if","locations":[{"start":{"line":17,"column":4},"end":{"line":32,"column":5}},{"start":{"line":24,"column":8},"end":{"line":32,"column":5}}],"line":17},"1":{"loc":{"start":{"line":37,"column":21},"end":{"line":37,"column":42}},"type":"binary-expr","locations":[{"start":{"line":37,"column":21},"end":{"line":37,"column":35}},{"start":{"line":37,"column":39},"end":{"line":37,"column":42}}],"line":37},"2":{"loc":{"start":{"line":38,"column":17},"end":{"line":38,"column":38}},"type":"binary-expr","locations":[{"start":{"line":38,"column":17},"end":{"line":38,"column":27}},{"start":{"line":38,"column":31},"end":{"line":38,"column":38}}],"line":38},"3":{"loc":{"start":{"line":41,"column":4},"end":{"line":53,"column":5}},"type":"if","locations":[{"start":{"line":41,"column":4},"end":{"line":53,"column":5}},{"start":{"line":43,"column":9},"end":{"line":53,"column":5}}],"line":41},"4":{"loc":{"start":{"line":41,"column":7},"end":{"line":41,"column":80}},"type":"binary-expr","locations":[{"start":{"line":41,"column":7},"end":{"line":41,"column":45}},{"start":{"line":41,"column":49},"end":{"line":41,"column":80}}],"line":41},"5":{"loc":{"start":{"line":47,"column":8},"end":{"line":48,"column":61}},"type":"if","locations":[{"start":{"line":47,"column":8},"end":{"line":48,"column":61}},{"start":{},"end":{}}],"line":47},"6":{"loc":{"start":{"line":49,"column":8},"end":{"line":50,"column":56}},"type":"if","locations":[{"start":{"line":49,"column":8},"end":{"line":50,"column":56}},{"start":{},"end":{}}],"line":49}},"s":{"0":7,"1":7,"2":13,"3":7,"4":0,"5":0,"6":0,"7":0,"8":7,"9":13,"10":13,"11":13,"12":13,"13":0,"14":0,"15":0,"16":0,"17":0,"18":0,"19":0,"20":7},"f":{"0":13,"1":0,"2":13},"b":{"0":[0,0],"1":[13,0],"2":[13,0],"3":[13,0],"4":[13,13],"5":[0,0],"6":[0,0]},"_coverageSchema":"1a1c01bbd47fc00a2c39e90264f33305004495a9","hash":"d25be4175262795cbbb0b03776afee1b92b59bb8"}
,"/Applications/PROJELERİM/Instagram/backend/src/middlewares/rateLimiter.js": {"path":"/Applications/PROJELERİM/Instagram/backend/src/middlewares/rateLimiter.js","statementMap":{"0":{"start":{"line":1,"column":18},"end":{"line":1,"column":47}},"1":{"start":{"line":3,"column":23},"end":{"line":12,"column":2}},"2":{"start":{"line":16,"column":20},"end":{"line":24,"column":2}},"3":{"start":{"line":28,"column":20},"end":{"line":35,"column":2}},"4":{"start":{"line":38,"column":23},"end":{"line":45,"column":2}},"5":{"start":{"line":48,"column":0},"end":{"line":53,"column":2}}},"fnMap":{},"branchMap":{},"s":{"0":7,"1":7,"2":7,"3":7,"4":7,"5":7},"f":{},"b":{},"_coverageSchema":"1a1c01bbd47fc00a2c39e90264f33305004495a9","hash":"e2bbd3ef8fdfad51ac17e1531d785f6cf99426dd"}
,"/Applications/PROJELERİM/Instagram/backend/src/middlewares/uploadMiddleware.js": {"path":"/Applications/PROJELERİM/Instagram/backend/src/middlewares/uploadMiddleware.js","statementMap":{"0":{"start":{"line":1,"column":15},"end":{"line":1,"column":42}},"1":{"start":{"line":2,"column":23},"end":{"line":2,"column":57}},"2":{"start":{"line":3,"column":21},"end":{"line":3,"column":53}},"3":{"start":{"line":4,"column":17},"end":{"line":4,"column":45}},"4":{"start":{"line":5,"column":18},"end":{"line":5,"column":49}},"5":{"start":{"line":9,"column":26},"end":{"line":27,"column":1}},"6":{"start":{"line":10,"column":4},"end":{"line":26,"column":6}},"7":{"start":{"line":16,"column":12},"end":{"line":17,"column":82}},"8":{"start":{"line":17,"column":16},"end":{"line":17,"column":82}},"9":{"start":{"line":19,"column":38},"end":{"line":19,"column":71}},"10":{"start":{"line":21,"column":12},"end":{"line":21,"column":50}},"11":{"start":{"line":22,"column":12},"end":{"line":22,"column":59}},"12":{"start":{"line":24,"column":12},"end":{"line":24,"column":19}},"13":{"start":{"line":33,"column":29},"end":{"line":55,"column":1}},"14":{"start":{"line":34,"column":4},"end":{"line":54,"column":6}},"15":{"start":{"line":38,"column":12},"end":{"line":39,"column":84}},"16":{"start":{"line":39,"column":16},"end":{"line":39,"column":84}},"17":{"start":{"line":41,"column":37},"end":{"line":41,"column":82}},"18":{"start":{"line":41,"column":57},"end":{"line":41,"column":81}},"19":{"start":{"line":42,"column":38},"end":{"line":42,"column":73}},"20":{"start":{"line":45,"column":12},"end":{"line":49,"column":16}},"21":{"start":{"line":45,"column":56},"end":{"line":49,"column":13}},"22":{"start":{"line":51,"column":12},"end":{"line":51,"column":19}},"23":{"start":{"line":58,"column":0},"end":{"line":61,"column":1}}},"fnMap":{"0":{"name":"(anonymous_0)","decl":{"start":{"line":9,"column":26},"end":{"line":9,"column":27}},"loc":{"start":{"line":9,"column":40},"end":{"line":27,"column":1}},"line":9},"1":{"name":"(anonymous_1)","decl":{"start":{"line":15,"column":21},"end":{"line":15,"column":22}},"loc":{"start":{"line":15,"column":42},"end":{"line":25,"column":9}},"line":15},"2":{"name":"(anonymous_2)","decl":{"start":{"line":33,"column":29},"end":{"line":33,"column":30}},"loc":{"start":{"line":33,"column":56},"end":{"line":55,"column":1}},"line":33},"3":{"name":"(anonymous_3)","decl":{"start":{"line":37,"column":21},"end":{"line":37,"column":22}},"loc":{"start":{"line":37,"column":42},"end":{"line":53,"column":9}},"line":37},"4":{"name":"(anonymous_4)","decl":{"start":{"line":41,"column":51},"end":{"line":41,"column":52}},"loc":{"start":{"line":41,"column":57},"end":{"line":41,"column":81}},"line":41},"5":{"name":"(anonymous_5)","decl":{"start":{"line":45,"column":38},"end":{"line":45,"column":39}},"loc":{"start":{"line":45,"column":56},"end":{"line":49,"column":13}},"line":45}},"branchMap":{"0":{"loc":{"start":{"line":16,"column":12},"end":{"line":17,"column":82}},"type":"if","locations":[{"start":{"line":16,"column":12},"end":{"line":17,"column":82}},{"start":{},"end":{}}],"line":16},"1":{"loc":{"start":{"line":33,"column":40},"end":{"line":33,"column":53}},"type":"default-arg","locations":[{"start":{"line":33,"column":51},"end":{"line":33,"column":53}}],"line":33},"2":{"loc":{"start":{"line":38,"column":12},"end":{"line":39,"column":84}},"type":"if","locations":[{"start":{"line":38,"column":12},"end":{"line":39,"column":84}},{"start":{},"end":{}}],"line":38},"3":{"loc":{"start":{"line":38,"column":15},"end":{"line":38,"column":51}},"type":"binary-expr","locations":[{"start":{"line":38,"column":15},"end":{"line":38,"column":25}},{"start":{"line":38,"column":29},"end":{"line":38,"column":51}}],"line":38}},"s":{"0":7,"1":7,"2":7,"3":7,"4":7,"5":7,"6":7,"7":6,"8":1,"9":5,"10":5,"11":5,"12":5,"13":7,"14":0,"15":0,"16":0,"17":0,"18":0,"19":0,"20":0,"21":0,"22":0,"23":7},"f":{"0":7,"1":6,"2":0,"3":0,"4":0,"5":0},"b":{"0":[1,5],"1":[0],"2":[0,0],"3":[0,0]},"_coverageSchema":"1a1c01bbd47fc00a2c39e90264f33305004495a9","hash":"f6314dff31124bb0a2fd524d51195eed50bab199"}
,"/Applications/PROJELERİM/Instagram/backend/src/middlewares/validationMiddleware.js": {"path":"/Applications/PROJELERİM/Instagram/backend/src/middlewares/validationMiddleware.js","statementMap":{"0":{"start":{"line":1,"column":17},"end":{"line":24,"column":1}},"1":{"start":{"line":2,"column":4},"end":{"line":23,"column":6}},"2":{"start":{"line":4,"column":33},"end":{"line":7,"column":10}},"3":{"start":{"line":9,"column":8},"end":{"line":19,"column":9}},"4":{"start":{"line":10,"column":27},"end":{"line":13,"column":15}},"5":{"start":{"line":10,"column":56},"end":{"line":13,"column":13}},"6":{"start":{"line":15,"column":12},"end":{"line":18,"column":15}},"7":{"start":{"line":21,"column":8},"end":{"line":21,"column":25}},"8":{"start":{"line":22,"column":8},"end":{"line":22,"column":15}},"9":{"start":{"line":26,"column":0},"end":{"line":26,"column":26}}},"fnMap":{"0":{"name":"(anonymous_0)","decl":{"start":{"line":1,"column":17},"end":{"line":1,"column":18}},"loc":{"start":{"line":1,"column":29},"end":{"line":24,"column":1}},"line":1},"1":{"name":"(anonymous_1)","decl":{"start":{"line":2,"column":11},"end":{"line":2,"column":12}},"loc":{"start":{"line":2,"column":31},"end":{"line":23,"column":5}},"line":2},"2":{"name":"(anonymous_2)","decl":{"start":{"line":10,"column":45},"end":{"line":10,"column":46}},"loc":{"start":{"line":10,"column":56},"end":{"line":13,"column":13}},"line":10}},"branchMap":{"0":{"loc":{"start":{"line":9,"column":8},"end":{"line":19,"column":9}},"type":"if","locations":[{"start":{"line":9,"column":8},"end":{"line":19,"column":9}},{"start":{},"end":{}}],"line":9}},"s":{"0":7,"1":14,"2":35,"3":35,"4":1,"5":3,"6":1,"7":34,"8":34,"9":7},"f":{"0":14,"1":35,"2":3},"b":{"0":[1,34]},"_coverageSchema":"1a1c01bbd47fc00a2c39e90264f33305004495a9","hash":"f63a59e2b781fc7c126a010a5805c10887fd33cd"}
,"/Applications/PROJELERİM/Instagram/backend/src/routes/CommentRoutes.js": {"path":"/Applications/PROJELERİM/Instagram/backend/src/routes/CommentRoutes.js","statementMap":{"0":{"start":{"line":1,"column":16},"end":{"line":1,"column":34}},"1":{"start":{"line":2,"column":108},"end":{"line":2,"column":151}},"2":{"start":{"line":3,"column":26},"end":{"line":3,"column":66}},"3":{"start":{"line":4,"column":25},"end":{"line":4,"column":62}},"4":{"start":{"line":6,"column":15},"end":{"line":6,"column":31}},"5":{"start":{"line":9,"column":0},"end":{"line":9,"column":67}},"6":{"start":{"line":12,"column":0},"end":{"line":12,"column":47}},"7":{"start":{"line":15,"column":0},"end":{"line":15,"column":42}},"8":{"start":{"line":18,"column":0},"end":{"line":18,"column":47}},"9":{"start":{"line":21,"column":0},"end":{"line":21,"column":60}},"10":{"start":{"line":24,"column":0},"end":{"line":24,"column":63}},"11":{"start":{"line":26,"column":0},"end":{"line":26,"column":24}}},"fnMap":{},"branchMap":{},"s":{"0":7,"1":7,"2":7,"3":7,"4":7,"5":7,"6":7,"7":7,"8":7,"9":7,"10":7,"11":7},"f":{},"b":{},"_coverageSchema":"1a1c01bbd47fc00a2c39e90264f33305004495a9","hash":"4b93de404eb7395ea915a456588883ab4bd9c525"}
,"/Applications/PROJELERİM/Instagram/backend/src/routes/authRoutes.js": {"path":"/Applications/PROJELERİM/Instagram/backend/src/routes/authRoutes.js","statementMap":{"0":{"start":{"line":1,"column":16},"end":{"line":1,"column":34}},"1":{"start":{"line":2,"column":25},"end":{"line":2,"column":65}},"2":{"start":{"line":3,"column":17},"end":{"line":3,"column":63}},"3":{"start":{"line":4,"column":37},"end":{"line":4,"column":75}},"4":{"start":{"line":5,"column":22},"end":{"line":5,"column":59}},"5":{"start":{"line":7,"column":15},"end":{"line":7,"column":31}},"6":{"start":{"line":10,"column":0},"end":{"line":10,"column":71}},"7":{"start":{"line":12,"column":0},"end":{"line":12,"column":62}},"8":{"start":{"line":14,"column":0},"end":{"line":14,"column":24}}},"fnMap":{},"branchMap":{},"s":{"0":7,"1":7,"2":7,"3":7,"4":7,"5":7,"6":7,"7":7,"8":7},"f":{},"b":{},"_coverageSchema":"1a1c01bbd47fc00a2c39e90264f33305004495a9","hash":"13ab8d2d5eeacf5adc8f2ba1dbe4502f02d66082"}
,"/Applications/PROJELERİM/Instagram/backend/src/routes/feedRoutes.js": {"path":"/Applications/PROJELERİM/Instagram/backend/src/routes/feedRoutes.js","statementMap":{"0":{"start":{"line":1,"column":16},"end":{"line":1,"column":34}},"1":{"start":{"line":2,"column":22},"end":{"line":2,"column":62}},"2":{"start":{"line":3,"column":26},"end":{"line":3,"column":66}},"3":{"start":{"line":5,"column":15},"end":{"line":5,"column":31}},"4":{"start":{"line":7,"column":0},"end":{"line":7,"column":50}},"5":{"start":{"line":9,"column":0},"end":{"line":9,"column":24}}},"fnMap":{},"branchMap":{},"s":{"0":7,"1":7,"2":7,"3":7,"4":7,"5":7},"f":{},"b":{},"_coverageSchema":"1a1c01bbd47fc00a2c39e90264f33305004495a9","hash":"abd8132e7c9a2a8c4273920ba754896eb74394d9"}
,"/Applications/PROJELERİM/Instagram/backend/src/routes/followRoutes.js": {"path":"/Applications/PROJELERİM/Instagram/backend/src/routes/followRoutes.js","statementMap":{"0":{"start":{"line":1,"column":16},"end":{"line":1,"column":34}},"1":{"start":{"line":7,"column":4},"end":{"line":7,"column":46}},"2":{"start":{"line":8,"column":26},"end":{"line":8,"column":66}},"3":{"start":{"line":10,"column":15},"end":{"line":10,"column":31}},"4":{"start":{"line":13,"column":0},"end":{"line":13,"column":64}},"5":{"start":{"line":15,"column":0},"end":{"line":15,"column":47}},"6":{"start":{"line":17,"column":0},"end":{"line":17,"column":47}},"7":{"start":{"line":19,"column":0},"end":{"line":19,"column":75}},"8":{"start":{"line":21,"column":0},"end":{"line":21,"column":24}}},"fnMap":{},"branchMap":{},"s":{"0":7,"1":7,"2":7,"3":7,"4":7,"5":7,"6":7,"7":7,"8":7},"f":{},"b":{},"_coverageSchema":"1a1c01bbd47fc00a2c39e90264f33305004495a9","hash":"19f754e9efa01e5e6211fc415f92854b209d7429"}
,"/Applications/PROJELERİM/Instagram/backend/src/routes/likeRoutes.js": {"path":"/Applications/PROJELERİM/Instagram/backend/src/routes/likeRoutes.js","statementMap":{"0":{"start":{"line":1,"column":16},"end":{"line":1,"column":34}},"1":{"start":{"line":2,"column":70},"end":{"line":2,"column":110}},"2":{"start":{"line":3,"column":26},"end":{"line":3,"column":66}},"3":{"start":{"line":5,"column":15},"end":{"line":5,"column":31}},"4":{"start":{"line":9,"column":0},"end":{"line":9,"column":54}},"5":{"start":{"line":12,"column":0},"end":{"line":12,"column":43}},"6":{"start":{"line":15,"column":0},"end":{"line":15,"column":67}},"7":{"start":{"line":18,"column":0},"end":{"line":18,"column":44}},"8":{"start":{"line":20,"column":0},"end":{"line":20,"column":24}}},"fnMap":{},"branchMap":{},"s":{"0":7,"1":7,"2":7,"3":7,"4":7,"5":7,"6":7,"7":7,"8":7},"f":{},"b":{},"_coverageSchema":"1a1c01bbd47fc00a2c39e90264f33305004495a9","hash":"3d6b593a132f0c76206331208cd6db8c9e48934f"}
,"/Applications/PROJELERİM/Instagram/backend/src/routes/postRoutes.js": {"path":"/Applications/PROJELERİM/Instagram/backend/src/routes/postRoutes.js","statementMap":{"0":{"start":{"line":1,"column":16},"end":{"line":1,"column":34}},"1":{"start":{"line":2,"column":67},"end":{"line":2,"column":107}},"2":{"start":{"line":3,"column":26},"end":{"line":3,"column":66}},"3":{"start":{"line":4,"column":24},"end":{"line":4,"column":61}},"4":{"start":{"line":5,"column":28},"end":{"line":5,"column":70}},"5":{"start":{"line":8,"column":15},"end":{"line":8,"column":31}},"6":{"start":{"line":10,"column":0},"end":{"line":10,"column":88}},"7":{"start":{"line":12,"column":0},"end":{"line":12,"column":46}},"8":{"start":{"line":14,"column":0},"end":{"line":14,"column":45}},"9":{"start":{"line":16,"column":0},"end":{"line":16,"column":48}},"10":{"start":{"line":18,"column":0},"end":{"line":18,"column":51}},"11":{"start":{"line":20,"column":0},"end":{"line":20,"column":24}}},"fnMap":{},"branchMap":{},"s":{"0":7,"1":7,"2":7,"3":7,"4":7,"5":7,"6":7,"7":7,"8":7,"9":7,"10":7,"11":7},"f":{},"b":{},"_coverageSchema":"1a1c01bbd47fc00a2c39e90264f33305004495a9","hash":"5c535f3de99d9dd9cfc34252a880c771c251b2ef"}
,"/Applications/PROJELERİM/Instagram/backend/src/routes/userRoutes.js": {"path":"/Applications/PROJELERİM/Instagram/backend/src/routes/userRoutes.js","statementMap":{"0":{"start":{"line":1,"column":16},"end":{"line":1,"column":34}},"1":{"start":{"line":2,"column":36},"end":{"line":2,"column":76}},"2":{"start":{"line":4,"column":26},"end":{"line":4,"column":66}},"3":{"start":{"line":6,"column":15},"end":{"line":6,"column":31}},"4":{"start":{"line":9,"column":0},"end":{"line":9,"column":36}},"5":{"start":{"line":11,"column":0},"end":{"line":11,"column":56}},"6":{"start":{"line":14,"column":0},"end":{"line":14,"column":24}}},"fnMap":{},"branchMap":{},"s":{"0":7,"1":7,"2":7,"3":7,"4":7,"5":7,"6":7},"f":{},"b":{},"_coverageSchema":"1a1c01bbd47fc00a2c39e90264f33305004495a9","hash":"c9d11af4cbd4922c173265c4bbfc463089f0f9f5"}
,"/Applications/PROJELERİM/Instagram/backend/src/services/authService.js": {"path":"/Applications/PROJELERİM/Instagram/backend/src/services/authService.js","statementMap":{"0":{"start":{"line":1,"column":15},"end":{"line":1,"column":32}},"1":{"start":{"line":2,"column":12},"end":{"line":2,"column":35}},"2":{"start":{"line":3,"column":25},"end":{"line":3,"column":50}},"3":{"start":{"line":4,"column":15},"end":{"line":4,"column":33}},"4":{"start":{"line":7,"column":4},"end":{"line":14,"column":7}},"5":{"start":{"line":18,"column":4},"end":{"line":18,"column":43}},"6":{"start":{"line":22,"column":4},"end":{"line":28,"column":7}},"7":{"start":{"line":32,"column":4},"end":{"line":36,"column":6}},"8":{"start":{"line":40,"column":4},"end":{"line":42,"column":7}},"9":{"start":{"line":46,"column":4},"end":{"line":46,"column":58}},"10":{"start":{"line":50,"column":4},"end":{"line":52,"column":7}},"11":{"start":{"line":56,"column":4},"end":{"line":70,"column":7}},"12":{"start":{"line":73,"column":0},"end":{"line":82,"column":2}}},"fnMap":{"0":{"name":"findExistingUser","decl":{"start":{"line":6,"column":15},"end":{"line":6,"column":31}},"loc":{"start":{"line":6,"column":49},"end":{"line":15,"column":1}},"line":6},"1":{"name":"hashPassword","decl":{"start":{"line":17,"column":15},"end":{"line":17,"column":27}},"loc":{"start":{"line":17,"column":38},"end":{"line":19,"column":1}},"line":17},"2":{"name":"createUser","decl":{"start":{"line":21,"column":15},"end":{"line":21,"column":25}},"loc":{"start":{"line":21,"column":59},"end":{"line":29,"column":1}},"line":21},"3":{"name":"generateToken","decl":{"start":{"line":31,"column":9},"end":{"line":31,"column":22}},"loc":{"start":{"line":31,"column":29},"end":{"line":37,"column":1}},"line":31},"4":{"name":"findUserByUsername","decl":{"start":{"line":39,"column":15},"end":{"line":39,"column":33}},"loc":{"start":{"line":39,"column":44},"end":{"line":43,"column":1}},"line":39},"5":{"name":"comparePassword","decl":{"start":{"line":45,"column":15},"end":{"line":45,"column":30}},"loc":{"start":{"line":45,"column":57},"end":{"line":47,"column":1}},"line":45},"6":{"name":"findUserByEmail","decl":{"start":{"line":49,"column":15},"end":{"line":49,"column":30}},"loc":{"start":{"line":49,"column":38},"end":{"line":53,"column":1}},"line":49},"7":{"name":"searchUsers","decl":{"start":{"line":55,"column":15},"end":{"line":55,"column":26}},"loc":{"start":{"line":55,"column":46},"end":{"line":71,"column":1}},"line":55}},"branchMap":{"0":{"loc":{"start":{"line":34,"column":8},"end":{"line":34,"column":51}},"type":"binary-expr","locations":[{"start":{"line":34,"column":8},"end":{"line":34,"column":30}},{"start":{"line":34,"column":34},"end":{"line":34,"column":51}}],"line":34},"1":{"loc":{"start":{"line":55,"column":34},"end":{"line":55,"column":44}},"type":"default-arg","locations":[{"start":{"line":55,"column":42},"end":{"line":55,"column":44}}],"line":55}},"s":{"0":7,"1":7,"2":7,"3":7,"4":16,"5":16,"6":16,"7":32,"8":18,"9":17,"10":0,"11":0,"12":7},"f":{"0":16,"1":16,"2":16,"3":32,"4":18,"5":17,"6":0,"7":0},"b":{"0":[32,0],"1":[0]},"_coverageSchema":"1a1c01bbd47fc00a2c39e90264f33305004495a9","hash":"7d5cccf36227ac53d5f5623013b735c63a28e679"}
,"/Applications/PROJELERİM/Instagram/backend/src/services/commentService.js": {"path":"/Applications/PROJELERİM/Instagram/backend/src/services/commentService.js","statementMap":{"0":{"start":{"line":1,"column":25},"end":{"line":1,"column":50}},"1":{"start":{"line":2,"column":15},"end":{"line":2,"column":33}},"2":{"start":{"line":5,"column":4},"end":{"line":7,"column":7}},"3":{"start":{"line":11,"column":20},"end":{"line":11,"column":81}},"4":{"start":{"line":12,"column":4},"end":{"line":12,"column":59}},"5":{"start":{"line":12,"column":47},"end":{"line":12,"column":59}},"6":{"start":{"line":13,"column":4},"end":{"line":13,"column":62}},"7":{"start":{"line":14,"column":4},"end":{"line":14,"column":16}},"8":{"start":{"line":18,"column":17},"end":{"line":18,"column":35}},"9":{"start":{"line":19,"column":4},"end":{"line":31,"column":7}},"10":{"start":{"line":35,"column":17},"end":{"line":35,"column":35}},"11":{"start":{"line":36,"column":4},"end":{"line":48,"column":7}},"12":{"start":{"line":52,"column":20},"end":{"line":52,"column":81}},"13":{"start":{"line":53,"column":4},"end":{"line":53,"column":59}},"14":{"start":{"line":53,"column":47},"end":{"line":53,"column":59}},"15":{"start":{"line":54,"column":4},"end":{"line":57,"column":7}},"16":{"start":{"line":61,"column":4},"end":{"line":71,"column":7}},"17":{"start":{"line":74,"column":0},"end":{"line":81,"column":2}}},"fnMap":{"0":{"name":"createComment","decl":{"start":{"line":4,"column":15},"end":{"line":4,"column":28}},"loc":{"start":{"line":4,"column":58},"end":{"line":8,"column":1}},"line":4},"1":{"name":"deleteComment","decl":{"start":{"line":10,"column":15},"end":{"line":10,"column":28}},"loc":{"start":{"line":10,"column":48},"end":{"line":15,"column":1}},"line":10},"2":{"name":"getCommentsByPost","decl":{"start":{"line":17,"column":15},"end":{"line":17,"column":32}},"loc":{"start":{"line":17,"column":63},"end":{"line":32,"column":1}},"line":17},"3":{"name":"getCommentsByUser","decl":{"start":{"line":34,"column":15},"end":{"line":34,"column":32}},"loc":{"start":{"line":34,"column":63},"end":{"line":49,"column":1}},"line":34},"4":{"name":"updateComment","decl":{"start":{"line":51,"column":15},"end":{"line":51,"column":28}},"loc":{"start":{"line":51,"column":57},"end":{"line":58,"column":1}},"line":51},"5":{"name":"getCommentById","decl":{"start":{"line":60,"column":15},"end":{"line":60,"column":29}},"loc":{"start":{"line":60,"column":41},"end":{"line":72,"column":1}},"line":60}},"branchMap":{"0":{"loc":{"start":{"line":12,"column":4},"end":{"line":12,"column":59}},"type":"if","locations":[{"start":{"line":12,"column":4},"end":{"line":12,"column":59}},{"start":{},"end":{}}],"line":12},"1":{"loc":{"start":{"line":12,"column":8},"end":{"line":12,"column":45}},"type":"binary-expr","locations":[{"start":{"line":12,"column":8},"end":{"line":12,"column":16}},{"start":{"line":12,"column":20},"end":{"line":12,"column":45}}],"line":12},"2":{"loc":{"start":{"line":17,"column":41},"end":{"line":17,"column":49}},"type":"default-arg","locations":[{"start":{"line":17,"column":48},"end":{"line":17,"column":49}}],"line":17},"3":{"loc":{"start":{"line":17,"column":51},"end":{"line":17,"column":61}},"type":"default-arg","locations":[{"start":{"line":17,"column":59},"end":{"line":17,"column":61}}],"line":17},"4":{"loc":{"start":{"line":34,"column":41},"end":{"line":34,"column":49}},"type":"default-arg","locations":[{"start":{"line":34,"column":48},"end":{"line":34,"column":49}}],"line":34},"5":{"loc":{"start":{"line":34,"column":51},"end":{"line":34,"column":61}},"type":"default-arg","locations":[{"start":{"line":34,"column":59},"end":{"line":34,"column":61}}],"line":34},"6":{"loc":{"start":{"line":53,"column":4},"end":{"line":53,"column":59}},"type":"if","locations":[{"start":{"line":53,"column":4},"end":{"line":53,"column":59}},{"start":{},"end":{}}],"line":53},"7":{"loc":{"start":{"line":53,"column":8},"end":{"line":53,"column":45}},"type":"binary-expr","locations":[{"start":{"line":53,"column":8},"end":{"line":53,"column":16}},{"start":{"line":53,"column":20},"end":{"line":53,"column":45}}],"line":53}},"s":{"0":7,"1":7,"2":3,"3":2,"4":2,"5":1,"6":1,"7":1,"8":1,"9":1,"10":1,"11":1,"12":2,"13":2,"14":1,"15":1,"16":1,"17":7},"f":{"0":3,"1":2,"2":1,"3":1,"4":2,"5":1},"b":{"0":[1,1],"1":[2,2],"2":[0],"3":[0],"4":[0],"5":[0],"6":[1,1],"7":[2,2]},"_coverageSchema":"1a1c01bbd47fc00a2c39e90264f33305004495a9","hash":"37f084bac53449a37db0f8db1aa5ff8a0ac4b30e"}
,"/Applications/PROJELERİM/Instagram/backend/src/services/feedService.js": {"path":"/Applications/PROJELERİM/Instagram/backend/src/services/feedService.js","statementMap":{"0":{"start":{"line":1,"column":25},"end":{"line":1,"column":50}},"1":{"start":{"line":2,"column":15},"end":{"line":2,"column":33}},"2":{"start":{"line":5,"column":20},"end":{"line":5,"column":68}},"3":{"start":{"line":6,"column":22},"end":{"line":13,"column":5}},"4":{"start":{"line":14,"column":4},"end":{"line":17,"column":5}},"5":{"start":{"line":15,"column":25},"end":{"line":15,"column":60}},"6":{"start":{"line":16,"column":8},"end":{"line":16,"column":61}},"7":{"start":{"line":16,"column":27},"end":{"line":16,"column":61}},"8":{"start":{"line":18,"column":4},"end":{"line":18,"column":21}},"9":{"start":{"line":22,"column":17},"end":{"line":22,"column":35}},"10":{"start":{"line":25,"column":22},"end":{"line":28,"column":6}},"11":{"start":{"line":29,"column":25},"end":{"line":29,"column":58}},"12":{"start":{"line":29,"column":44},"end":{"line":29,"column":57}},"13":{"start":{"line":30,"column":4},"end":{"line":30,"column":37}},"14":{"start":{"line":33,"column":4},"end":{"line":42,"column":5}},"15":{"start":{"line":34,"column":25},"end":{"line":34,"column":86}},"16":{"start":{"line":35,"column":8},"end":{"line":41,"column":9}},"17":{"start":{"line":36,"column":12},"end":{"line":40,"column":14}},"18":{"start":{"line":44,"column":27},"end":{"line":46,"column":42}},"19":{"start":{"line":48,"column":20},"end":{"line":50,"column":33}},"20":{"start":{"line":52,"column":32},"end":{"line":71,"column":6}},"21":{"start":{"line":74,"column":29},"end":{"line":107,"column":5}},"22":{"start":{"line":76,"column":28},"end":{"line":83,"column":14}},"23":{"start":{"line":84,"column":37},"end":{"line":86,"column":68}},"24":{"start":{"line":86,"column":38},"end":{"line":86,"column":67}},"25":{"start":{"line":88,"column":12},"end":{"line":105,"column":14}},"26":{"start":{"line":109,"column":4},"end":{"line":113,"column":6}},"27":{"start":{"line":116,"column":0},"end":{"line":116,"column":33}}},"fnMap":{"0":{"name":"calculateTimeAgo","decl":{"start":{"line":4,"column":9},"end":{"line":4,"column":25}},"loc":{"start":{"line":4,"column":32},"end":{"line":19,"column":1}},"line":4},"1":{"name":"getHomeFeed","decl":{"start":{"line":21,"column":15},"end":{"line":21,"column":26}},"loc":{"start":{"line":21,"column":97},"end":{"line":114,"column":1}},"line":21},"2":{"name":"(anonymous_2)","decl":{"start":{"line":29,"column":39},"end":{"line":29,"column":40}},"loc":{"start":{"line":29,"column":44},"end":{"line":29,"column":57}},"line":29},"3":{"name":"(anonymous_3)","decl":{"start":{"line":75,"column":18},"end":{"line":75,"column":19}},"loc":{"start":{"line":75,"column":34},"end":{"line":106,"column":9}},"line":75},"4":{"name":"(anonymous_4)","decl":{"start":{"line":86,"column":33},"end":{"line":86,"column":34}},"loc":{"start":{"line":86,"column":38},"end":{"line":86,"column":67}},"line":86}},"branchMap":{"0":{"loc":{"start":{"line":16,"column":8},"end":{"line":16,"column":61}},"type":"if","locations":[{"start":{"line":16,"column":8},"end":{"line":16,"column":61}},{"start":{},"end":{}}],"line":16},"1":{"loc":{"start":{"line":21,"column":42},"end":{"line":21,"column":50}},"type":"default-arg","locations":[{"start":{"line":21,"column":49},"end":{"line":21,"column":50}}],"line":21},"2":{"loc":{"start":{"line":21,"column":52},"end":{"line":21,"column":62}},"type":"default-arg","locations":[{"start":{"line":21,"column":60},"end":{"line":21,"column":62}}],"line":21},"3":{"loc":{"start":{"line":21,"column":78},"end":{"line":21,"column":95}},"type":"default-arg","locations":[{"start":{"line":21,"column":87},"end":{"line":21,"column":95}}],"line":21},"4":{"loc":{"start":{"line":33,"column":4},"end":{"line":42,"column":5}},"type":"if","locations":[{"start":{"line":33,"column":4},"end":{"line":42,"column":5}},{"start":{},"end":{}}],"line":33},"5":{"loc":{"start":{"line":33,"column":8},"end":{"line":33,"column":70}},"type":"binary-expr","locations":[{"start":{"line":33,"column":8},"end":{"line":33,"column":33}},{"start":{"line":33,"column":37},"end":{"line":33,"column":70}}],"line":33},"6":{"loc":{"start":{"line":35,"column":8},"end":{"line":41,"column":9}},"type":"if","locations":[{"start":{"line":35,"column":8},"end":{"line":41,"column":9}},{"start":{},"end":{}}],"line":35},"7":{"loc":{"start":{"line":44,"column":27},"end":{"line":46,"column":42}},"type":"cond-expr","locations":[{"start":{"line":45,"column":10},"end":{"line":45,"column":44}},{"start":{"line":46,"column":10},"end":{"line":46,"column":42}}],"line":44},"8":{"loc":{"start":{"line":48,"column":20},"end":{"line":50,"column":33}},"type":"cond-expr","locations":[{"start":{"line":49,"column":10},"end":{"line":49,"column":57}},{"start":{"line":50,"column":10},"end":{"line":50,"column":33}}],"line":48},"9":{"loc":{"start":{"line":84,"column":37},"end":{"line":86,"column":68}},"type":"cond-expr","locations":[{"start":{"line":85,"column":18},"end":{"line":85,"column":22}},{"start":{"line":86,"column":18},"end":{"line":86,"column":68}}],"line":84}},"s":{"0":7,"1":7,"2":5,"3":5,"4":5,"5":30,"6":30,"7":0,"8":5,"9":6,"10":6,"11":6,"12":5,"13":6,"14":6,"15":1,"16":1,"17":1,"18":5,"19":5,"20":5,"21":5,"22":5,"23":5,"24":5,"25":5,"26":5,"27":7},"f":{"0":5,"1":6,"2":5,"3":5,"4":5},"b":{"0":[0,30],"1":[0],"2":[0],"3":[6],"4":[1,5],"5":[6,1],"6":[1,0],"7":[0,5],"8":[0,5],"9":[0,5]},"_coverageSchema":"1a1c01bbd47fc00a2c39e90264f33305004495a9","hash":"85bd68a5b64b97c573b13bf72c2db04ab43e4833"}
,"/Applications/PROJELERİM/Instagram/backend/src/services/followService.js": {"path":"/Applications/PROJELERİM/Instagram/backend/src/services/followService.js","statementMap":{"0":{"start":{"line":1,"column":25},"end":{"line":1,"column":50}},"1":{"start":{"line":2,"column":15},"end":{"line":2,"column":33}},"2":{"start":{"line":5,"column":27},"end":{"line":12,"column":6}},"3":{"start":{"line":13,"column":4},"end":{"line":41,"column":5}},"4":{"start":{"line":14,"column":8},"end":{"line":24,"column":11}},"5":{"start":{"line":25,"column":8},"end":{"line":25,"column":38}},"6":{"start":{"line":27,"column":8},"end":{"line":39,"column":11}},"7":{"start":{"line":40,"column":8},"end":{"line":40,"column":37}},"8":{"start":{"line":45,"column":17},"end":{"line":45,"column":35}},"9":{"start":{"line":46,"column":4},"end":{"line":64,"column":7}},"10":{"start":{"line":68,"column":17},"end":{"line":68,"column":35}},"11":{"start":{"line":69,"column":4},"end":{"line":87,"column":7}},"12":{"start":{"line":91,"column":4},"end":{"line":91,"column":84}},"13":{"start":{"line":91,"column":40},"end":{"line":91,"column":84}},"14":{"start":{"line":92,"column":19},"end":{"line":99,"column":6}},"15":{"start":{"line":100,"column":4},"end":{"line":100,"column":52}},"16":{"start":{"line":103,"column":0},"end":{"line":108,"column":2}}},"fnMap":{"0":{"name":"toggleFollow","decl":{"start":{"line":4,"column":15},"end":{"line":4,"column":27}},"loc":{"start":{"line":4,"column":57},"end":{"line":42,"column":1}},"line":4},"1":{"name":"getFollowers","decl":{"start":{"line":44,"column":15},"end":{"line":44,"column":27}},"loc":{"start":{"line":44,"column":58},"end":{"line":65,"column":1}},"line":44},"2":{"name":"getFollowing","decl":{"start":{"line":67,"column":15},"end":{"line":67,"column":27}},"loc":{"start":{"line":67,"column":58},"end":{"line":88,"column":1}},"line":67},"3":{"name":"checkFollowStatus","decl":{"start":{"line":90,"column":15},"end":{"line":90,"column":32}},"loc":{"start":{"line":90,"column":62},"end":{"line":101,"column":1}},"line":90}},"branchMap":{"0":{"loc":{"start":{"line":13,"column":4},"end":{"line":41,"column":5}},"type":"if","locations":[{"start":{"line":13,"column":4},"end":{"line":41,"column":5}},{"start":{"line":26,"column":11},"end":{"line":41,"column":5}}],"line":13},"1":{"loc":{"start":{"line":44,"column":36},"end":{"line":44,"column":44}},"type":"default-arg","locations":[{"start":{"line":44,"column":43},"end":{"line":44,"column":44}}],"line":44},"2":{"loc":{"start":{"line":44,"column":46},"end":{"line":44,"column":56}},"type":"default-arg","locations":[{"start":{"line":44,"column":54},"end":{"line":44,"column":56}}],"line":44},"3":{"loc":{"start":{"line":67,"column":36},"end":{"line":67,"column":44}},"type":"default-arg","locations":[{"start":{"line":67,"column":43},"end":{"line":67,"column":44}}],"line":67},"4":{"loc":{"start":{"line":67,"column":46},"end":{"line":67,"column":56}},"type":"default-arg","locations":[{"start":{"line":67,"column":54},"end":{"line":67,"column":56}}],"line":67},"5":{"loc":{"start":{"line":91,"column":4},"end":{"line":91,"column":84}},"type":"if","locations":[{"start":{"line":91,"column":4},"end":{"line":91,"column":84}},{"start":{},"end":{}}],"line":91}},"s":{"0":7,"1":7,"2":4,"3":4,"4":1,"5":1,"6":3,"7":3,"8":2,"9":2,"10":1,"11":1,"12":2,"13":0,"14":2,"15":2,"16":7},"f":{"0":4,"1":2,"2":1,"3":2},"b":{"0":[1,3],"1":[0],"2":[0],"3":[0],"4":[0],"5":[0,2]},"_coverageSchema":"1a1c01bbd47fc00a2c39e90264f33305004495a9","hash":"77531a743bfab1b6731b60d8d46ccf39c7a5e26e"}
,"/Applications/PROJELERİM/Instagram/backend/src/services/likeService.js": {"path":"/Applications/PROJELERİM/Instagram/backend/src/services/likeService.js","statementMap":{"0":{"start":{"line":1,"column":25},"end":{"line":1,"column":50}},"1":{"start":{"line":2,"column":15},"end":{"line":2,"column":33}},"2":{"start":{"line":5,"column":25},"end":{"line":7,"column":6}},"3":{"start":{"line":8,"column":4},"end":{"line":26,"column":5}},"4":{"start":{"line":9,"column":8},"end":{"line":15,"column":11}},"5":{"start":{"line":16,"column":8},"end":{"line":16,"column":34}},"6":{"start":{"line":18,"column":8},"end":{"line":24,"column":11}},"7":{"start":{"line":25,"column":8},"end":{"line":25,"column":33}},"8":{"start":{"line":30,"column":4},"end":{"line":30,"column":58}},"9":{"start":{"line":34,"column":17},"end":{"line":36,"column":6}},"10":{"start":{"line":37,"column":4},"end":{"line":37,"column":18}},"11":{"start":{"line":41,"column":17},"end":{"line":41,"column":35}},"12":{"start":{"line":42,"column":4},"end":{"line":52,"column":7}},"13":{"start":{"line":55,"column":0},"end":{"line":60,"column":2}}},"fnMap":{"0":{"name":"toggleLike","decl":{"start":{"line":4,"column":15},"end":{"line":4,"column":25}},"loc":{"start":{"line":4,"column":42},"end":{"line":27,"column":1}},"line":4},"1":{"name":"getLikeCount","decl":{"start":{"line":29,"column":15},"end":{"line":29,"column":27}},"loc":{"start":{"line":29,"column":36},"end":{"line":31,"column":1}},"line":29},"2":{"name":"isPostLikedByUser","decl":{"start":{"line":33,"column":15},"end":{"line":33,"column":32}},"loc":{"start":{"line":33,"column":49},"end":{"line":38,"column":1}},"line":33},"3":{"name":"getLikesByPost","decl":{"start":{"line":40,"column":15},"end":{"line":40,"column":29}},"loc":{"start":{"line":40,"column":60},"end":{"line":53,"column":1}},"line":40}},"branchMap":{"0":{"loc":{"start":{"line":8,"column":4},"end":{"line":26,"column":5}},"type":"if","locations":[{"start":{"line":8,"column":4},"end":{"line":26,"column":5}},{"start":{"line":17,"column":11},"end":{"line":26,"column":5}}],"line":8},"1":{"loc":{"start":{"line":40,"column":38},"end":{"line":40,"column":46}},"type":"default-arg","locations":[{"start":{"line":40,"column":45},"end":{"line":40,"column":46}}],"line":40},"2":{"loc":{"start":{"line":40,"column":48},"end":{"line":40,"column":58}},"type":"default-arg","locations":[{"start":{"line":40,"column":56},"end":{"line":40,"column":58}}],"line":40}},"s":{"0":7,"1":7,"2":3,"3":3,"4":1,"5":1,"6":2,"7":2,"8":1,"9":1,"10":1,"11":1,"12":1,"13":7},"f":{"0":3,"1":1,"2":1,"3":1},"b":{"0":[1,2],"1":[0],"2":[0]},"_coverageSchema":"1a1c01bbd47fc00a2c39e90264f33305004495a9","hash":"5172139c1046256eaaff997e1211d5b0f7f46bf6"}
,"/Applications/PROJELERİM/Instagram/backend/src/services/postService.js": {"path":"/Applications/PROJELERİM/Instagram/backend/src/services/postService.js","statementMap":{"0":{"start":{"line":1,"column":25},"end":{"line":1,"column":50}},"1":{"start":{"line":2,"column":15},"end":{"line":2,"column":33}},"2":{"start":{"line":5,"column":4},"end":{"line":7,"column":7}},"3":{"start":{"line":11,"column":17},"end":{"line":11,"column":35}},"4":{"start":{"line":12,"column":4},"end":{"line":24,"column":7}},"5":{"start":{"line":28,"column":4},"end":{"line":38,"column":7}},"6":{"start":{"line":42,"column":17},"end":{"line":42,"column":64}},"7":{"start":{"line":43,"column":4},"end":{"line":43,"column":53}},"8":{"start":{"line":43,"column":41},"end":{"line":43,"column":53}},"9":{"start":{"line":44,"column":4},"end":{"line":44,"column":61}},"10":{"start":{"line":48,"column":17},"end":{"line":48,"column":64}},"11":{"start":{"line":49,"column":4},"end":{"line":49,"column":53}},"12":{"start":{"line":49,"column":41},"end":{"line":49,"column":53}},"13":{"start":{"line":50,"column":4},"end":{"line":50,"column":48}},"14":{"start":{"line":51,"column":4},"end":{"line":51,"column":16}},"15":{"start":{"line":54,"column":0},"end":{"line":54,"column":82}}},"fnMap":{"0":{"name":"createPost","decl":{"start":{"line":4,"column":15},"end":{"line":4,"column":25}},"loc":{"start":{"line":4,"column":57},"end":{"line":8,"column":1}},"line":4},"1":{"name":"getAllPosts","decl":{"start":{"line":10,"column":15},"end":{"line":10,"column":26}},"loc":{"start":{"line":10,"column":49},"end":{"line":25,"column":1}},"line":10},"2":{"name":"getPostById","decl":{"start":{"line":27,"column":15},"end":{"line":27,"column":26}},"loc":{"start":{"line":27,"column":31},"end":{"line":39,"column":1}},"line":27},"3":{"name":"updatePost","decl":{"start":{"line":41,"column":15},"end":{"line":41,"column":25}},"loc":{"start":{"line":41,"column":44},"end":{"line":45,"column":1}},"line":41},"4":{"name":"deletePost","decl":{"start":{"line":47,"column":15},"end":{"line":47,"column":25}},"loc":{"start":{"line":47,"column":38},"end":{"line":52,"column":1}},"line":47}},"branchMap":{"0":{"loc":{"start":{"line":10,"column":27},"end":{"line":10,"column":35}},"type":"default-arg","locations":[{"start":{"line":10,"column":34},"end":{"line":10,"column":35}}],"line":10},"1":{"loc":{"start":{"line":10,"column":37},"end":{"line":10,"column":47}},"type":"default-arg","locations":[{"start":{"line":10,"column":45},"end":{"line":10,"column":47}}],"line":10},"2":{"loc":{"start":{"line":43,"column":4},"end":{"line":43,"column":53}},"type":"if","locations":[{"start":{"line":43,"column":4},"end":{"line":43,"column":53}},{"start":{},"end":{}}],"line":43},"3":{"loc":{"start":{"line":43,"column":8},"end":{"line":43,"column":39}},"type":"binary-expr","locations":[{"start":{"line":43,"column":8},"end":{"line":43,"column":13}},{"start":{"line":43,"column":17},"end":{"line":43,"column":39}}],"line":43},"4":{"loc":{"start":{"line":49,"column":4},"end":{"line":49,"column":53}},"type":"if","locations":[{"start":{"line":49,"column":4},"end":{"line":49,"column":53}},{"start":{},"end":{}}],"line":49},"5":{"loc":{"start":{"line":49,"column":8},"end":{"line":49,"column":39}},"type":"binary-expr","locations":[{"start":{"line":49,"column":8},"end":{"line":49,"column":13}},{"start":{"line":49,"column":17},"end":{"line":49,"column":39}}],"line":49}},"s":{"0":7,"1":7,"2":5,"3":1,"4":1,"5":1,"6":2,"7":2,"8":1,"9":1,"10":2,"11":2,"12":1,"13":1,"14":1,"15":7},"f":{"0":5,"1":1,"2":1,"3":2,"4":2},"b":{"0":[0],"1":[0],"2":[1,1],"3":[2,2],"4":[1,1],"5":[2,2]},"_coverageSchema":"1a1c01bbd47fc00a2c39e90264f33305004495a9","hash":"445bb34ea5b7d27b201c1a292cb3597226fa8f7d"}
,"/Applications/PROJELERİM/Instagram/backend/src/services/userService.js": {"path":"/Applications/PROJELERİM/Instagram/backend/src/services/userService.js","statementMap":{"0":{"start":{"line":1,"column":25},"end":{"line":1,"column":50}},"1":{"start":{"line":2,"column":15},"end":{"line":2,"column":33}},"2":{"start":{"line":5,"column":4},"end":{"line":17,"column":7}},"3":{"start":{"line":21,"column":4},"end":{"line":33,"column":7}},"4":{"start":{"line":37,"column":4},"end":{"line":50,"column":7}},"5":{"start":{"line":54,"column":4},"end":{"line":68,"column":7}},"6":{"start":{"line":72,"column":17},"end":{"line":72,"column":35}},"7":{"start":{"line":73,"column":4},"end":{"line":82,"column":7}},"8":{"start":{"line":86,"column":4},"end":{"line":86,"column":55}},"9":{"start":{"line":89,"column":0},"end":{"line":96,"column":2}}},"fnMap":{"0":{"name":"getUserById","decl":{"start":{"line":4,"column":15},"end":{"line":4,"column":26}},"loc":{"start":{"line":4,"column":31},"end":{"line":18,"column":1}},"line":4},"1":{"name":"getUserByUsername","decl":{"start":{"line":20,"column":15},"end":{"line":20,"column":32}},"loc":{"start":{"line":20,"column":43},"end":{"line":34,"column":1}},"line":20},"2":{"name":"updateProfile","decl":{"start":{"line":36,"column":15},"end":{"line":36,"column":28}},"loc":{"start":{"line":36,"column":43},"end":{"line":51,"column":1}},"line":36},"3":{"name":"searchUsers","decl":{"start":{"line":53,"column":15},"end":{"line":53,"column":26}},"loc":{"start":{"line":53,"column":46},"end":{"line":69,"column":1}},"line":53},"4":{"name":"getUsers","decl":{"start":{"line":71,"column":15},"end":{"line":71,"column":23}},"loc":{"start":{"line":71,"column":46},"end":{"line":83,"column":1}},"line":71},"5":{"name":"deleteUser","decl":{"start":{"line":85,"column":15},"end":{"line":85,"column":25}},"loc":{"start":{"line":85,"column":30},"end":{"line":87,"column":1}},"line":85}},"branchMap":{"0":{"loc":{"start":{"line":53,"column":34},"end":{"line":53,"column":44}},"type":"default-arg","locations":[{"start":{"line":53,"column":42},"end":{"line":53,"column":44}}],"line":53},"1":{"loc":{"start":{"line":71,"column":24},"end":{"line":71,"column":32}},"type":"default-arg","locations":[{"start":{"line":71,"column":31},"end":{"line":71,"column":32}}],"line":71},"2":{"loc":{"start":{"line":71,"column":34},"end":{"line":71,"column":44}},"type":"default-arg","locations":[{"start":{"line":71,"column":42},"end":{"line":71,"column":44}}],"line":71}},"s":{"0":7,"1":7,"2":0,"3":2,"4":1,"5":0,"6":0,"7":0,"8":0,"9":7},"f":{"0":0,"1":2,"2":1,"3":0,"4":0,"5":0},"b":{"0":[0],"1":[0],"2":[0]},"_coverageSchema":"1a1c01bbd47fc00a2c39e90264f33305004495a9","hash":"b773bb011a343bb64f647db0184c6f21febdcb8f"}
,"/Applications/PROJELERİM/Instagram/backend/src/utils/AppError.js": {"path":"/Applications/PROJELERİM/Instagram/backend/src/utils/AppError.js","statementMap":{"0":{"start":{"line":3,"column":8},"end":{"line":3,"column":23}},"1":{"start":{"line":5,"column":8},"end":{"line":5,"column":37}},"2":{"start":{"line":6,"column":8},"end":{"line":6,"column":73}},"3":{"start":{"line":7,"column":8},"end":{"line":7,"column":34}},"4":{"start":{"line":11,"column":8},"end":{"line":11,"column":55}},"5":{"start":{"line":15,"column":0},"end":{"line":15,"column":26}}},"fnMap":{"0":{"name":"(anonymous_0)","decl":{"start":{"line":2,"column":4},"end":{"line":2,"column":5}},"loc":{"start":{"line":2,"column":35},"end":{"line":12,"column":5}},"line":2}},"branchMap":{"0":{"loc":{"start":{"line":6,"column":22},"end":{"line":6,"column":72}},"type":"cond-expr","locations":[{"start":{"line":6,"column":56},"end":{"line":6,"column":62}},{"start":{"line":6,"column":65},"end":{"line":6,"column":72}}],"line":6}},"s":{"0":13,"1":13,"2":13,"3":13,"4":13,"5":7},"f":{"0":13},"b":{"0":[13,0]},"_coverageSchema":"1a1c01bbd47fc00a2c39e90264f33305004495a9","hash":"54cfff902172f675dd5f3922f369b9c7ad26165c"}
,"/Applications/PROJELERİM/Instagram/backend/src/utils/asyncHandler.js": {"path":"/Applications/PROJELERİM/Instagram/backend/src/utils/asyncHandler.js","statementMap":{"0":{"start":{"line":4,"column":21},"end":{"line":8,"column":1}},"1":{"start":{"line":5,"column":4},"end":{"line":7,"column":5}},"2":{"start":{"line":6,"column":8},"end":{"line":6,"column":54}},"3":{"start":{"line":10,"column":0},"end":{"line":10,"column":30}}},"fnMap":{"0":{"name":"(anonymous_0)","decl":{"start":{"line":4,"column":21},"end":{"line":4,"column":22}},"loc":{"start":{"line":4,"column":28},"end":{"line":8,"column":1}},"line":4},"1":{"name":"(anonymous_1)","decl":{"start":{"line":5,"column":11},"end":{"line":5,"column":12}},"loc":{"start":{"line":5,"column":28},"end":{"line":7,"column":5}},"line":5}},"branchMap":{},"s":{"0":7,"1":203,"2":91,"3":7},"f":{"0":203,"1":91},"b":{},"_coverageSchema":"1a1c01bbd47fc00a2c39e90264f33305004495a9","hash":"d9abf29230935c0a93aa0efddc5817ddff2d0b46"}
,"/Applications/PROJELERİM/Instagram/backend/src/utils/imageProcessor.js": {"path":"/Applications/PROJELERİM/Instagram/backend/src/utils/imageProcessor.js","statementMap":{"0":{"start":{"line":1,"column":14},"end":{"line":1,"column":30}},"1":{"start":{"line":2,"column":13},"end":{"line":2,"column":28}},"2":{"start":{"line":3,"column":11},"end":{"line":3,"column":33}},"3":{"start":{"line":4,"column":17},"end":{"line":4,"column":38}},"4":{"start":{"line":5,"column":18},"end":{"line":5,"column":49}},"5":{"start":{"line":6,"column":19},"end":{"line":6,"column":33}},"6":{"start":{"line":10,"column":21},"end":{"line":34,"column":1}},"7":{"start":{"line":11,"column":25},"end":{"line":11,"column":45}},"8":{"start":{"line":13,"column":29},"end":{"line":13,"column":63}},"9":{"start":{"line":14,"column":25},"end":{"line":14,"column":66}},"10":{"start":{"line":16,"column":6},"end":{"line":28,"column":9}},"11":{"start":{"line":24,"column":8},"end":{"line":24,"column":61}},"12":{"start":{"line":25,"column":8},"end":{"line":25,"column":47}},"13":{"start":{"line":26,"column":8},"end":{"line":26,"column":49}},"14":{"start":{"line":27,"column":8},"end":{"line":27,"column":64}},"15":{"start":{"line":31,"column":6},"end":{"line":31,"column":47}},"16":{"start":{"line":33,"column":6},"end":{"line":33,"column":28}},"17":{"start":{"line":36,"column":0},"end":{"line":36,"column":32}}},"fnMap":{"0":{"name":"(anonymous_0)","decl":{"start":{"line":10,"column":21},"end":{"line":10,"column":22}},"loc":{"start":{"line":10,"column":83},"end":{"line":34,"column":1}},"line":10},"1":{"name":"(anonymous_1)","decl":{"start":{"line":23,"column":13},"end":{"line":23,"column":14}},"loc":{"start":{"line":23,"column":28},"end":{"line":28,"column":7}},"line":23},"2":{"name":"(anonymous_2)","decl":{"start":{"line":26,"column":40},"end":{"line":26,"column":41}},"loc":{"start":{"line":26,"column":45},"end":{"line":26,"column":47}},"line":26},"3":{"name":"(anonymous_3)","decl":{"start":{"line":31,"column":38},"end":{"line":31,"column":39}},"loc":{"start":{"line":31,"column":43},"end":{"line":31,"column":45}},"line":31}},"branchMap":{"0":{"loc":{"start":{"line":10,"column":37},"end":{"line":10,"column":52}},"type":"default-arg","locations":[{"start":{"line":10,"column":48},"end":{"line":10,"column":52}}],"line":10},"1":{"loc":{"start":{"line":10,"column":53},"end":{"line":10,"column":67}},"type":"default-arg","locations":[{"start":{"line":10,"column":63},"end":{"line":10,"column":67}}],"line":10},"2":{"loc":{"start":{"line":10,"column":68},"end":{"line":10,"column":78}},"type":"default-arg","locations":[{"start":{"line":10,"column":76},"end":{"line":10,"column":78}}],"line":10}},"s":{"0":7,"1":7,"2":7,"3":7,"4":7,"5":7,"6":7,"7":5,"8":5,"9":5,"10":5,"11":0,"12":0,"13":0,"14":0,"15":5,"16":5,"17":7},"f":{"0":5,"1":0,"2":0,"3":0},"b":{"0":[5],"1":[5],"2":[5]},"_coverageSchema":"1a1c01bbd47fc00a2c39e90264f33305004495a9","hash":"5a33939f8ced50ec3493bee77d1e10e878579674"}
,"/Applications/PROJELERİM/Instagram/backend/src/validators/authValidator.js": {"path":"/Applications/PROJELERİM/Instagram/backend/src/validators/authValidator.js","statementMap":{"0":{"start":{"line":1,"column":12},"end":{"line":1,"column":26}},"1":{"start":{"line":4,"column":23},"end":{"line":35,"column":2}},"2":{"start":{"line":38,"column":20},"end":{"line":50,"column":2}},"3":{"start":{"line":52,"column":0},"end":{"line":55,"column":2}}},"fnMap":{},"branchMap":{},"s":{"0":7,"1":7,"2":7,"3":7},"f":{},"b":{},"_coverageSchema":"1a1c01bbd47fc00a2c39e90264f33305004495a9","hash":"a2a09c10bb307da9eee37ae1fac22457122b97f6"}
}
