TN:
SF:backend/src/app.js
FN:39,(anonymous_0)
FN:44,(anonymous_1)
FNF:2
FNH:0
FNDA:0,(anonymous_0)
FNDA:0,(anonymous_1)
DA:1,7
DA:2,7
DA:3,7
DA:4,7
DA:5,7
DA:6,7
DA:7,7
DA:8,7
DA:10,7
DA:11,7
DA:12,7
DA:13,7
DA:14,7
DA:15,7
DA:16,7
DA:18,7
DA:19,7
DA:23,7
DA:25,7
DA:27,7
DA:29,7
DA:31,7
DA:33,7
DA:35,7
DA:37,7
DA:39,7
DA:40,0
DA:44,7
DA:45,0
DA:48,7
DA:51,7
LF:31
LH:29
BRDA:8,0,0,7
BRDA:8,0,1,7
BRF:2
BRH:2
end_of_record
TN:
SF:backend/src/config/multer.js
FN:11,(anonymous_0)
FN:16,(anonymous_1)
FN:23,(anonymous_2)
FNF:3
FNH:3
FNDA:5,(anonymous_0)
FNDA:5,(anonymous_1)
FNDA:5,(anonymous_2)
DA:5,7
DA:6,7
DA:7,7
DA:10,7
DA:12,5
DA:17,5
DA:18,5
DA:23,7
DA:24,5
DA:26,5
DA:28,5
DA:30,5
DA:31,5
DA:33,0
DA:37,7
DA:43,7
LF:16
LH:15
BRDA:30,0,0,5
BRDA:30,0,1,0
BRDA:30,1,0,5
BRDA:30,1,1,5
BRF:4
BRH:3
end_of_record
TN:
SF:backend/src/controllers/authController.js
FN:5,(anonymous_0)
FN:29,(anonymous_1)
FN:56,(anonymous_2)
FNF:3
FNH:2
FNDA:16,(anonymous_0)
FNDA:18,(anonymous_1)
FNDA:0,(anonymous_2)
DA:1,7
DA:2,7
DA:3,7
DA:5,7
DA:6,16
DA:8,16
DA:9,16
DA:10,0
DA:13,16
DA:14,16
DA:15,16
DA:17,16
DA:29,7
DA:30,18
DA:32,18
DA:33,18
DA:34,1
DA:37,17
DA:38,17
DA:39,1
DA:42,16
DA:44,16
DA:56,7
DA:57,0
DA:58,0
DA:59,0
DA:60,0
DA:66,7
LF:28
LH:23
BRDA:9,0,0,0
BRDA:9,0,1,16
BRDA:33,1,0,1
BRDA:33,1,1,17
BRDA:38,2,0,1
BRDA:38,2,1,16
BRDA:58,3,0,0
BRDA:58,3,1,0
BRF:8
BRH:5
end_of_record
TN:
SF:backend/src/controllers/commentController.js
FN:5,(anonymous_0)
FN:13,(anonymous_1)
FN:21,(anonymous_2)
FN:29,(anonymous_3)
FN:37,(anonymous_4)
FN:47,(anonymous_5)
FNF:6
FNH:6
FNDA:5,(anonymous_0)
FNDA:2,(anonymous_1)
FNDA:1,(anonymous_2)
FNDA:1,(anonymous_3)
FNDA:3,(anonymous_4)
FNDA:1,(anonymous_5)
DA:1,7
DA:2,7
DA:3,7
DA:5,7
DA:6,5
DA:7,5
DA:8,5
DA:9,3
DA:10,3
DA:13,7
DA:14,2
DA:15,2
DA:16,2
DA:17,2
DA:18,1
DA:21,7
DA:22,1
DA:23,1
DA:24,1
DA:25,1
DA:26,1
DA:29,7
DA:30,1
DA:31,1
DA:32,1
DA:33,1
DA:34,1
DA:37,7
DA:38,3
DA:39,3
DA:40,3
DA:41,3
DA:42,2
DA:43,2
DA:44,1
DA:47,7
DA:48,1
DA:49,1
DA:50,1
DA:51,1
DA:54,7
LF:41
LH:41
BRDA:8,0,0,2
BRDA:8,0,1,3
BRDA:8,1,0,5
BRDA:8,1,1,4
BRDA:17,2,0,1
BRDA:17,2,1,1
BRDA:23,3,0,1
BRDA:23,3,1,1
BRDA:24,4,0,1
BRDA:24,4,1,1
BRDA:31,5,0,1
BRDA:31,5,1,1
BRDA:32,6,0,1
BRDA:32,6,1,1
BRDA:41,7,0,1
BRDA:41,7,1,2
BRDA:43,8,0,1
BRDA:43,8,1,1
BRDA:50,9,0,0
BRDA:50,9,1,1
BRF:20
BRH:19
end_of_record
TN:
SF:backend/src/controllers/feedController.js
FN:4,(anonymous_0)
FNF:1
FNH:1
FNDA:6,(anonymous_0)
DA:1,7
DA:2,7
DA:4,7
DA:5,6
DA:6,6
DA:7,6
DA:8,6
DA:10,6
DA:12,6
DA:13,1
DA:27,5
DA:40,7
LF:12
LH:12
BRDA:6,0,0,6
BRDA:6,0,1,5
BRDA:7,1,0,6
BRDA:7,1,1,3
BRDA:12,2,0,1
BRDA:12,2,1,5
BRF:6
BRH:6
end_of_record
TN:
SF:backend/src/controllers/followController.js
FN:5,(anonymous_0)
FN:14,(anonymous_1)
FN:22,(anonymous_2)
FN:30,(anonymous_3)
FNF:4
FNH:4
FNDA:5,(anonymous_0)
FNDA:2,(anonymous_1)
FNDA:1,(anonymous_2)
FNDA:2,(anonymous_3)
DA:1,7
DA:2,7
DA:3,7
DA:5,7
DA:6,5
DA:7,5
DA:8,5
DA:9,1
DA:10,4
DA:11,4
DA:14,7
DA:15,2
DA:16,2
DA:17,2
DA:18,2
DA:19,2
DA:22,7
DA:23,1
DA:24,1
DA:25,1
DA:26,1
DA:27,1
DA:30,7
DA:31,2
DA:32,2
DA:33,2
DA:34,2
DA:37,7
LF:28
LH:28
BRDA:8,0,0,1
BRDA:8,0,1,4
BRDA:16,1,0,2
BRDA:16,1,1,2
BRDA:17,2,0,2
BRDA:17,2,1,2
BRDA:24,3,0,1
BRDA:24,3,1,1
BRDA:25,4,0,1
BRDA:25,4,1,1
BRF:10
BRH:10
end_of_record
TN:
SF:backend/src/controllers/likeController.js
FN:5,(anonymous_0)
FN:13,(anonymous_1)
FN:19,(anonymous_2)
FN:26,(anonymous_3)
FNF:4
FNH:4
FNDA:4,(anonymous_0)
FNDA:1,(anonymous_1)
FNDA:1,(anonymous_2)
FNDA:1,(anonymous_3)
DA:1,7
DA:2,7
DA:3,7
DA:5,7
DA:6,4
DA:7,4
DA:8,4
DA:9,3
DA:10,3
DA:13,7
DA:14,1
DA:15,1
DA:16,1
DA:19,7
DA:20,1
DA:21,1
DA:22,1
DA:23,1
DA:26,7
DA:27,1
DA:28,1
DA:29,1
DA:30,1
DA:31,1
DA:34,7
LF:25
LH:25
BRDA:8,0,0,1
BRDA:8,0,1,3
BRDA:28,1,0,1
BRDA:28,1,1,1
BRDA:29,2,0,1
BRDA:29,2,1,1
BRF:6
BRH:6
end_of_record
TN:
SF:backend/src/controllers/postController.js
FN:5,(anonymous_0)
FN:14,(anonymous_1)
FN:21,(anonymous_2)
FN:28,(anonymous_3)
FN:36,(anonymous_4)
FNF:5
FNH:5
FNDA:5,(anonymous_0)
FNDA:1,(anonymous_1)
FNDA:1,(anonymous_2)
FNDA:2,(anonymous_3)
FNDA:2,(anonymous_4)
DA:1,7
DA:2,7
DA:3,7
DA:5,7
DA:6,5
DA:7,5
DA:8,5
DA:9,5
DA:10,5
DA:11,5
DA:14,7
DA:15,1
DA:16,1
DA:17,1
DA:18,1
DA:21,7
DA:22,1
DA:23,1
DA:24,1
DA:25,1
DA:28,7
DA:29,2
DA:30,2
DA:31,2
DA:32,2
DA:33,1
DA:36,7
DA:37,2
DA:38,2
DA:39,2
DA:40,2
DA:41,1
DA:44,7
LF:33
LH:33
BRDA:8,0,0,0
BRDA:8,0,1,5
BRDA:15,1,0,1
BRDA:15,1,1,1
BRDA:16,2,0,1
BRDA:16,2,1,1
BRDA:24,3,0,0
BRDA:24,3,1,1
BRDA:32,4,0,1
BRDA:32,4,1,1
BRDA:40,5,0,1
BRDA:40,5,1,1
BRF:12
BRH:10
end_of_record
TN:
SF:backend/src/controllers/userController.js
FN:6,(anonymous_0)
FN:13,(anonymous_1)
FN:32,(anonymous_2)
FN:39,(anonymous_3)
FN:46,(anonymous_4)
FNF:5
FNH:2
FNDA:2,(anonymous_0)
FNDA:2,(anonymous_1)
FNDA:0,(anonymous_2)
FNDA:0,(anonymous_3)
FNDA:0,(anonymous_4)
DA:1,7
DA:2,7
DA:3,7
DA:4,7
DA:6,7
DA:7,2
DA:8,2
DA:9,2
DA:10,1
DA:13,7
DA:14,2
DA:15,2
DA:16,2
DA:17,1
DA:20,2
DA:21,1
DA:27,1
DA:28,1
DA:29,1
DA:32,7
DA:33,0
DA:34,0
DA:35,0
DA:36,0
DA:39,7
DA:40,0
DA:41,0
DA:42,0
DA:43,0
DA:46,7
DA:47,0
DA:48,0
DA:49,0
DA:52,7
LF:34
LH:23
BRDA:9,0,0,1
BRDA:9,0,1,1
BRDA:16,1,0,1
BRDA:16,1,1,1
BRDA:16,2,0,2
BRDA:16,2,1,2
BRDA:20,3,0,1
BRDA:20,3,1,1
BRDA:34,4,0,0
BRDA:34,4,1,0
BRDA:40,5,0,0
BRDA:40,5,1,0
BRDA:41,6,0,0
BRDA:41,6,1,0
BRF:14
BRH:8
end_of_record
TN:
SF:backend/src/middlewares/authMiddleware.js
FN:4,(anonymous_0)
FNF:1
FNH:1
FNDA:54,(anonymous_0)
DA:1,7
DA:4,7
DA:5,54
DA:7,54
DA:9,54
DA:10,9
DA:12,45
DA:13,45
DA:15,45
DA:17,42
DA:19,42
DA:21,3
DA:22,3
DA:26,7
LF:14
LH:14
BRDA:7,0,0,54
BRDA:7,0,1,45
BRDA:9,1,0,9
BRDA:9,1,1,45
BRDA:13,2,0,45
BRDA:13,2,1,0
BRF:6
BRH:5
end_of_record
TN:
SF:backend/src/middlewares/errorHandler.js
FN:4,(anonymous_0)
FN:16,(anonymous_1)
FN:36,(anonymous_2)
FNF:3
FNH:2
FNDA:13,(anonymous_0)
FNDA:0,(anonymous_1)
FNDA:13,(anonymous_2)
DA:1,7
DA:4,7
DA:5,13
DA:16,7
DA:17,0
DA:18,0
DA:25,0
DA:27,0
DA:36,7
DA:37,13
DA:38,13
DA:41,13
DA:42,13
DA:44,0
DA:45,0
DA:47,0
DA:48,0
DA:49,0
DA:50,0
DA:51,0
DA:57,7
LF:21
LH:10
BRDA:17,0,0,0
BRDA:17,0,1,0
BRDA:37,1,0,13
BRDA:37,1,1,0
BRDA:38,2,0,13
BRDA:38,2,1,0
BRDA:41,3,0,13
BRDA:41,3,1,0
BRDA:41,4,0,13
BRDA:41,4,1,13
BRDA:47,5,0,0
BRDA:47,5,1,0
BRDA:49,6,0,0
BRDA:49,6,1,0
BRF:14
BRH:5
end_of_record
TN:
SF:backend/src/middlewares/rateLimiter.js
FNF:0
FNH:0
DA:1,7
DA:3,7
DA:16,7
DA:28,7
DA:38,7
DA:48,7
LF:6
LH:6
BRF:0
BRH:0
end_of_record
TN:
SF:backend/src/middlewares/uploadMiddleware.js
FN:9,(anonymous_0)
FN:15,(anonymous_1)
FN:33,(anonymous_2)
FN:37,(anonymous_3)
FN:41,(anonymous_4)
FN:45,(anonymous_5)
FNF:6
FNH:2
FNDA:7,(anonymous_0)
FNDA:6,(anonymous_1)
FNDA:0,(anonymous_2)
FNDA:0,(anonymous_3)
FNDA:0,(anonymous_4)
FNDA:0,(anonymous_5)
DA:1,7
DA:2,7
DA:3,7
DA:4,7
DA:5,7
DA:9,7
DA:10,7
DA:16,6
DA:17,1
DA:19,5
DA:21,5
DA:22,5
DA:24,5
DA:33,7
DA:34,0
DA:38,0
DA:39,0
DA:41,0
DA:42,0
DA:45,0
DA:51,0
DA:58,7
LF:22
LH:15
BRDA:16,0,0,1
BRDA:16,0,1,5
BRDA:33,1,0,0
BRDA:38,2,0,0
BRDA:38,2,1,0
BRDA:38,3,0,0
BRDA:38,3,1,0
BRF:7
BRH:2
end_of_record
TN:
SF:backend/src/middlewares/validationMiddleware.js
FN:1,(anonymous_0)
FN:2,(anonymous_1)
FN:10,(anonymous_2)
FNF:3
FNH:3
FNDA:14,(anonymous_0)
FNDA:35,(anonymous_1)
FNDA:3,(anonymous_2)
DA:1,7
DA:2,14
DA:4,35
DA:9,35
DA:10,3
DA:15,1
DA:21,34
DA:22,34
DA:26,7
LF:9
LH:9
BRDA:9,0,0,1
BRDA:9,0,1,34
BRF:2
BRH:2
end_of_record
TN:
SF:backend/src/routes/CommentRoutes.js
FNF:0
FNH:0
DA:1,7
DA:2,7
DA:3,7
DA:4,7
DA:6,7
DA:9,7
DA:12,7
DA:15,7
DA:18,7
DA:21,7
DA:24,7
DA:26,7
LF:12
LH:12
BRF:0
BRH:0
end_of_record
TN:
SF:backend/src/routes/authRoutes.js
FNF:0
FNH:0
DA:1,7
DA:2,7
DA:3,7
DA:4,7
DA:5,7
DA:7,7
DA:10,7
DA:12,7
DA:14,7
LF:9
LH:9
BRF:0
BRH:0
end_of_record
TN:
SF:backend/src/routes/feedRoutes.js
FNF:0
FNH:0
DA:1,7
DA:2,7
DA:3,7
DA:5,7
DA:7,7
DA:9,7
LF:6
LH:6
BRF:0
BRH:0
end_of_record
TN:
SF:backend/src/routes/followRoutes.js
FNF:0
FNH:0
DA:1,7
DA:7,7
DA:8,7
DA:10,7
DA:13,7
DA:15,7
DA:17,7
DA:19,7
DA:21,7
LF:9
LH:9
BRF:0
BRH:0
end_of_record
TN:
SF:backend/src/routes/likeRoutes.js
FNF:0
FNH:0
DA:1,7
DA:2,7
DA:3,7
DA:5,7
DA:9,7
DA:12,7
DA:15,7
DA:18,7
DA:20,7
LF:9
LH:9
BRF:0
BRH:0
end_of_record
TN:
SF:backend/src/routes/postRoutes.js
FNF:0
FNH:0
DA:1,7
DA:2,7
DA:3,7
DA:4,7
DA:5,7
DA:8,7
DA:10,7
DA:12,7
DA:14,7
DA:16,7
DA:18,7
DA:20,7
LF:12
LH:12
BRF:0
BRH:0
end_of_record
TN:
SF:backend/src/routes/userRoutes.js
FNF:0
FNH:0
DA:1,7
DA:2,7
DA:4,7
DA:6,7
DA:9,7
DA:11,7
DA:14,7
LF:7
LH:7
BRF:0
BRH:0
end_of_record
TN:
SF:backend/src/services/authService.js
FN:6,findExistingUser
FN:17,hashPassword
FN:21,createUser
FN:31,generateToken
FN:39,findUserByUsername
FN:45,comparePassword
FN:49,findUserByEmail
FN:55,searchUsers
FNF:8
FNH:6
FNDA:16,findExistingUser
FNDA:16,hashPassword
FNDA:16,createUser
FNDA:32,generateToken
FNDA:18,findUserByUsername
FNDA:17,comparePassword
FNDA:0,findUserByEmail
FNDA:0,searchUsers
DA:1,7
DA:2,7
DA:3,7
DA:4,7
DA:7,16
DA:18,16
DA:22,16
DA:32,32
DA:40,18
DA:46,17
DA:50,0
DA:56,0
DA:73,7
LF:13
LH:11
BRDA:34,0,0,32
BRDA:34,0,1,0
BRDA:55,1,0,0
BRF:3
BRH:1
end_of_record
TN:
SF:backend/src/services/commentService.js
FN:4,createComment
FN:10,deleteComment
FN:17,getCommentsByPost
FN:34,getCommentsByUser
FN:51,updateComment
FN:60,getCommentById
FNF:6
FNH:6
FNDA:3,createComment
FNDA:2,deleteComment
FNDA:1,getCommentsByPost
FNDA:1,getCommentsByUser
FNDA:2,updateComment
FNDA:1,getCommentById
DA:1,7
DA:2,7
DA:5,3
DA:11,2
DA:12,2
DA:13,1
DA:14,1
DA:18,1
DA:19,1
DA:35,1
DA:36,1
DA:52,2
DA:53,2
DA:54,1
DA:61,1
DA:74,7
LF:16
LH:16
BRDA:12,0,0,1
BRDA:12,0,1,1
BRDA:12,1,0,2
BRDA:12,1,1,2
BRDA:17,2,0,0
BRDA:17,3,0,0
BRDA:34,4,0,0
BRDA:34,5,0,0
BRDA:53,6,0,1
BRDA:53,6,1,1
BRDA:53,7,0,2
BRDA:53,7,1,2
BRF:12
BRH:8
end_of_record
TN:
SF:backend/src/services/feedService.js
FN:4,calculateTimeAgo
FN:21,getHomeFeed
FN:29,(anonymous_2)
FN:75,(anonymous_3)
FN:86,(anonymous_4)
FNF:5
FNH:5
FNDA:5,calculateTimeAgo
FNDA:6,getHomeFeed
FNDA:5,(anonymous_2)
FNDA:5,(anonymous_3)
FNDA:5,(anonymous_4)
DA:1,7
DA:2,7
DA:5,5
DA:6,5
DA:14,5
DA:15,30
DA:16,30
DA:18,5
DA:22,6
DA:25,6
DA:29,6
DA:30,6
DA:33,6
DA:34,1
DA:35,1
DA:36,1
DA:44,5
DA:48,5
DA:52,5
DA:74,5
DA:76,5
DA:84,5
DA:86,5
DA:88,5
DA:109,5
DA:116,7
LF:26
LH:26
BRDA:16,0,0,0
BRDA:16,0,1,30
BRDA:21,1,0,0
BRDA:21,2,0,0
BRDA:21,3,0,6
BRDA:33,4,0,1
BRDA:33,4,1,5
BRDA:33,5,0,6
BRDA:33,5,1,1
BRDA:35,6,0,1
BRDA:35,6,1,0
BRDA:44,7,0,0
BRDA:44,7,1,5
BRDA:48,8,0,0
BRDA:48,8,1,5
BRDA:84,9,0,0
BRDA:84,9,1,5
BRF:17
BRH:10
end_of_record
TN:
SF:backend/src/services/followService.js
FN:4,toggleFollow
FN:44,getFollowers
FN:67,getFollowing
FN:90,checkFollowStatus
FNF:4
FNH:4
FNDA:4,toggleFollow
FNDA:2,getFollowers
FNDA:1,getFollowing
FNDA:2,checkFollowStatus
DA:1,7
DA:2,7
DA:5,4
DA:13,4
DA:14,1
DA:25,1
DA:27,3
DA:40,3
DA:45,2
DA:46,2
DA:68,1
DA:69,1
DA:91,2
DA:92,2
DA:100,2
DA:103,7
LF:16
LH:16
BRDA:13,0,0,1
BRDA:13,0,1,3
BRDA:44,1,0,0
BRDA:44,2,0,0
BRDA:67,3,0,0
BRDA:67,4,0,0
BRDA:91,5,0,0
BRDA:91,5,1,2
BRF:8
BRH:3
end_of_record
TN:
SF:backend/src/services/likeService.js
FN:4,toggleLike
FN:29,getLikeCount
FN:33,isPostLikedByUser
FN:40,getLikesByPost
FNF:4
FNH:4
FNDA:3,toggleLike
FNDA:1,getLikeCount
FNDA:1,isPostLikedByUser
FNDA:1,getLikesByPost
DA:1,7
DA:2,7
DA:5,3
DA:8,3
DA:9,1
DA:16,1
DA:18,2
DA:25,2
DA:30,1
DA:34,1
DA:37,1
DA:41,1
DA:42,1
DA:55,7
LF:14
LH:14
BRDA:8,0,0,1
BRDA:8,0,1,2
BRDA:40,1,0,0
BRDA:40,2,0,0
BRF:4
BRH:2
end_of_record
TN:
SF:backend/src/services/postService.js
FN:4,createPost
FN:10,getAllPosts
FN:27,getPostById
FN:41,updatePost
FN:47,deletePost
FNF:5
FNH:5
FNDA:5,createPost
FNDA:1,getAllPosts
FNDA:1,getPostById
FNDA:2,updatePost
FNDA:2,deletePost
DA:1,7
DA:2,7
DA:5,5
DA:11,1
DA:12,1
DA:28,1
DA:42,2
DA:43,2
DA:44,1
DA:48,2
DA:49,2
DA:50,1
DA:51,1
DA:54,7
LF:14
LH:14
BRDA:10,0,0,0
BRDA:10,1,0,0
BRDA:43,2,0,1
BRDA:43,2,1,1
BRDA:43,3,0,2
BRDA:43,3,1,2
BRDA:49,4,0,1
BRDA:49,4,1,1
BRDA:49,5,0,2
BRDA:49,5,1,2
BRF:10
BRH:8
end_of_record
TN:
SF:backend/src/services/userService.js
FN:4,getUserById
FN:20,getUserByUsername
FN:36,updateProfile
FN:53,searchUsers
FN:71,getUsers
FN:85,deleteUser
FNF:6
FNH:2
FNDA:0,getUserById
FNDA:2,getUserByUsername
FNDA:1,updateProfile
FNDA:0,searchUsers
FNDA:0,getUsers
FNDA:0,deleteUser
DA:1,7
DA:2,7
DA:5,0
DA:21,2
DA:37,1
DA:54,0
DA:72,0
DA:73,0
DA:86,0
DA:89,7
LF:10
LH:5
BRDA:53,0,0,0
BRDA:71,1,0,0
BRDA:71,2,0,0
BRF:3
BRH:0
end_of_record
TN:
SF:backend/src/utils/AppError.js
FN:2,(anonymous_0)
FNF:1
FNH:1
FNDA:13,(anonymous_0)
DA:3,13
DA:5,13
DA:6,13
DA:7,13
DA:11,13
DA:15,7
LF:6
LH:6
BRDA:6,0,0,13
BRDA:6,0,1,0
BRF:2
BRH:1
end_of_record
TN:
SF:backend/src/utils/asyncHandler.js
FN:4,(anonymous_0)
FN:5,(anonymous_1)
FNF:2
FNH:2
FNDA:203,(anonymous_0)
FNDA:91,(anonymous_1)
DA:4,7
DA:5,203
DA:6,91
DA:10,7
LF:4
LH:4
BRF:0
BRH:0
end_of_record
TN:
SF:backend/src/utils/imageProcessor.js
FN:10,(anonymous_0)
FN:23,(anonymous_1)
FN:26,(anonymous_2)
FN:31,(anonymous_3)
FNF:4
FNH:1
FNDA:5,(anonymous_0)
FNDA:0,(anonymous_1)
FNDA:0,(anonymous_2)
FNDA:0,(anonymous_3)
DA:1,7
DA:2,7
DA:3,7
DA:4,7
DA:5,7
DA:6,7
DA:10,7
DA:11,5
DA:13,5
DA:14,5
DA:16,5
DA:24,0
DA:25,0
DA:26,0
DA:27,0
DA:31,5
DA:33,5
DA:36,7
LF:18
LH:14
BRDA:10,0,0,5
BRDA:10,1,0,5
BRDA:10,2,0,5
BRF:3
BRH:3
end_of_record
TN:
SF:backend/src/validators/authValidator.js
FNF:0
FNH:0
DA:1,7
DA:4,7
DA:38,7
DA:52,7
LF:4
LH:4
BRF:0
BRH:0
end_of_record
